{"level":40,"time":1668634936158,"pid":23660,"hostname":"DESKTOP-G2R0246","level":"warn","url":"localhost:8080/favicon.ico","msg":"Ruta inexistente"}
{"level":40,"time":1668634948014,"pid":23660,"hostname":"DESKTOP-G2R0246","level":"warn","url":"localhost:8080/favicon.ico","msg":"Ruta inexistente"}
{"level":40,"time":1668634965070,"pid":23660,"hostname":"DESKTOP-G2R0246","level":"warn","url":"localhost:8080/favicon.ico","msg":"Ruta inexistente"}
{"level":40,"time":1668634968224,"pid":23660,"hostname":"DESKTOP-G2R0246","level":"warn","url":"localhost:8080/favicon.ico","msg":"Ruta inexistente"}
{"level":40,"time":1668635522092,"pid":4688,"hostname":"DESKTOP-G2R0246","level":"warn","url":"localhost:8080/favicon.ico","msg":"Ruta inexistente"}
{"level":40,"time":1668635853722,"pid":6588,"hostname":"DESKTOP-G2R0246","level":"warn","url":"localhost:8080/favicon.ico","msg":"Ruta inexistente"}
{"level":40,"time":1668636189277,"pid":19700,"hostname":"DESKTOP-G2R0246","level":"warn","url":"localhost:8080/favicon.ico","msg":"Ruta inexistente"}
{"level":40,"time":1668636198886,"pid":19700,"hostname":"DESKTOP-G2R0246","level":"warn","url":"localhost:8080/favicon.ico","msg":"Ruta inexistente"}
{"level":40,"time":1668636199583,"pid":19700,"hostname":"DESKTOP-G2R0246","level":"warn","url":"localhost:8080/favicon.ico","msg":"Ruta inexistente"}
{"level":40,"time":1668636844040,"pid":15704,"hostname":"DESKTOP-G2R0246","level":"warn","url":"localhost:8080/favicon.ico","msg":"Ruta inexistente"}
{"level":40,"time":1668636890701,"pid":13404,"hostname":"DESKTOP-G2R0246","level":"warn","url":"localhost:8080/favicon.ico","msg":"Ruta inexistente"}
{"level":40,"time":1668636976221,"pid":13404,"hostname":"DESKTOP-G2R0246","level":"warn","url":"localhost:8080/favicon.ico","msg":"Ruta inexistente"}
{"level":40,"time":1668637809491,"pid":20984,"hostname":"DESKTOP-G2R0246","level":"warn","url":"localhost:8080/favicon.ico","msg":"Ruta inexistente"}
{"level":40,"time":1668637927805,"pid":7044,"hostname":"DESKTOP-G2R0246","level":"warn","url":"localhost:8080/favicon.ico","msg":"Ruta inexistente"}
{"level":40,"time":1668638104122,"pid":8500,"hostname":"DESKTOP-G2R0246","level":"warn","url":"localhost:8080/favicon.ico","msg":"Ruta inexistente"}
{"level":40,"time":1668638145605,"pid":22156,"hostname":"DESKTOP-G2R0246","level":"warn","url":"localhost:8080/favicon.ico","msg":"Ruta inexistente"}
{"level":40,"time":1668638259753,"pid":21560,"hostname":"DESKTOP-G2R0246","level":"warn","url":"localhost:8080/favicon.ico","msg":"Ruta inexistente"}
{"level":40,"time":1668638373563,"pid":21072,"hostname":"DESKTOP-G2R0246","level":"warn","url":"localhost:8080/favicon.ico","msg":"Ruta inexistente"}
{"level":40,"time":1668638425867,"pid":18908,"hostname":"DESKTOP-G2R0246","level":"warn","url":"localhost:8080/favicon.ico","msg":"Ruta inexistente"}
{"level":40,"time":1668638489842,"pid":1364,"hostname":"DESKTOP-G2R0246","level":"warn","url":"localhost:8080/favicon.ico","msg":"Ruta inexistente"}
{"level":40,"time":1668638538574,"pid":8500,"hostname":"DESKTOP-G2R0246","level":"warn","url":"localhost:8080/favicon.ico","msg":"Ruta inexistente"}
{"level":40,"time":1668638609354,"pid":9244,"hostname":"DESKTOP-G2R0246","level":"warn","url":"localhost:8080/favicon.ico","msg":"Ruta inexistente"}
{"level":40,"time":1668638626950,"pid":9244,"hostname":"DESKTOP-G2R0246","level":"warn","url":"localhost:8080/favicon.ico","msg":"Ruta inexistente"}
{"level":40,"time":1668638720810,"pid":13692,"hostname":"DESKTOP-G2R0246","level":"warn","url":"localhost:8080/favicon.ico","msg":"Ruta inexistente"}
{"level":40,"time":1668638945155,"pid":9320,"hostname":"DESKTOP-G2R0246","level":"warn","url":"localhost:8080/favicon.ico","msg":"Ruta inexistente"}
{"level":40,"time":1668639046431,"pid":9764,"hostname":"DESKTOP-G2R0246","level":"warn","url":"localhost:8080/favicon.ico","msg":"Ruta inexistente"}
{"level":40,"time":1668639103117,"pid":25304,"hostname":"DESKTOP-G2R0246","level":"warn","url":"localhost:8080/favicon.ico","msg":"Ruta inexistente"}
{"level":40,"time":1668639144468,"pid":13060,"hostname":"DESKTOP-G2R0246","level":"warn","url":"localhost:8080/favicon.ico","msg":"Ruta inexistente"}
{"level":40,"time":1668639287388,"pid":22992,"hostname":"DESKTOP-G2R0246","level":"warn","url":"localhost:8080/favicon.ico","msg":"Ruta inexistente"}
{"level":40,"time":1668639649435,"pid":8532,"hostname":"DESKTOP-G2R0246","level":"warn","url":"localhost:8080/favicon.ico","msg":"Ruta inexistente"}
{"level":40,"time":1668648615159,"pid":16180,"hostname":"DESKTOP-G2R0246","level":"warn","url":"localhost:8080/favicon.ico","msg":"Ruta inexistente"}
{"level":40,"time":1668648617359,"pid":16180,"hostname":"DESKTOP-G2R0246","level":"warn","url":"localhost:8080/favicon.ico","msg":"Ruta inexistente"}
{"level":40,"time":1668648625729,"pid":16180,"hostname":"DESKTOP-G2R0246","level":"warn","url":"localhost:8080/favicon.ico","msg":"Ruta inexistente"}
{"level":40,"time":1668649316702,"pid":19944,"hostname":"DESKTOP-G2R0246","level":"warn","url":"localhost:8080/favicon.ico","msg":"Ruta inexistente"}
{"level":40,"time":1668649325224,"pid":19944,"hostname":"DESKTOP-G2R0246","level":"warn","url":"localhost:8080/favicon.ico","msg":"Ruta inexistente"}
{"level":40,"time":1668649328880,"pid":19944,"hostname":"DESKTOP-G2R0246","level":"warn","url":"localhost:8080/favicon.ico","msg":"Ruta inexistente"}
{"level":40,"time":1668649332050,"pid":19944,"hostname":"DESKTOP-G2R0246","level":"warn","url":"localhost:8080/favicon.ico","msg":"Ruta inexistente"}
{"level":40,"time":1668649340399,"pid":19944,"hostname":"DESKTOP-G2R0246","level":"warn","url":"localhost:8080/favicon.ico","msg":"Ruta inexistente"}
{"level":40,"time":1668652030244,"pid":9800,"hostname":"DESKTOP-G2R0246","level":"warn","url":"localhost:8080/favicon.ico","msg":"Ruta inexistente"}
{"level":40,"time":1668918929364,"pid":17344,"hostname":"DESKTOP-G2R0246","level":"warn","url":"localhost:8080/favicon.ico","msg":"Ruta inexistente"}
{"level":40,"time":1668919472467,"pid":23588,"hostname":"DESKTOP-G2R0246","level":"warn","url":"localhost:8080/favicon.ico","msg":"Ruta inexistente"}
{"level":40,"time":1668919582352,"pid":28600,"hostname":"DESKTOP-G2R0246","level":"warn","url":"localhost:8080/favicon.ico","msg":"Ruta inexistente"}
{"level":40,"time":1668919703311,"pid":26316,"hostname":"DESKTOP-G2R0246","level":"warn","url":"localhost:8080/favicon.ico","msg":"Ruta inexistente"}
{"level":40,"time":1668919742983,"pid":28792,"hostname":"DESKTOP-G2R0246","level":"warn","url":"localhost:8080/favicon.ico","msg":"Ruta inexistente"}
{"level":40,"time":1668919770385,"pid":28136,"hostname":"DESKTOP-G2R0246","level":"warn","url":"localhost:8080/favicon.ico","msg":"Ruta inexistente"}
{"level":40,"time":1668919828034,"pid":7128,"hostname":"DESKTOP-G2R0246","level":"warn","url":"localhost:8080/favicon.ico","msg":"Ruta inexistente"}
{"level":40,"time":1668919880259,"pid":19532,"hostname":"DESKTOP-G2R0246","level":"warn","url":"localhost:8080/favicon.ico","msg":"Ruta inexistente"}
{"level":40,"time":1668919960393,"pid":19392,"hostname":"DESKTOP-G2R0246","level":"warn","url":"localhost:8080/favicon.ico","msg":"Ruta inexistente"}
{"level":40,"time":1668920014335,"pid":21252,"hostname":"DESKTOP-G2R0246","level":"warn","url":"localhost:8080/favicon.ico","msg":"Ruta inexistente"}
{"level":40,"time":1668920250443,"pid":18228,"hostname":"DESKTOP-G2R0246","level":"warn","url":"localhost:8080/favicon.ico","msg":"Ruta inexistente"}
{"level":40,"time":1668920301824,"pid":18228,"hostname":"DESKTOP-G2R0246","level":"warn","url":"localhost:8080/favicon.ico","msg":"Ruta inexistente"}
{"level":40,"time":1668920307781,"pid":18228,"hostname":"DESKTOP-G2R0246","level":"warn","url":"localhost:8080/favicon.ico","msg":"Ruta inexistente"}
{"level":40,"time":1668920365280,"pid":18228,"hostname":"DESKTOP-G2R0246","level":"warn","url":"localhost:8080/favicon.ico","msg":"Ruta inexistente"}
{"level":40,"time":1668920432896,"pid":23248,"hostname":"DESKTOP-G2R0246","level":"warn","url":"localhost:8080/favicon.ico","msg":"Ruta inexistente"}
{"level":40,"time":1668920547805,"pid":3828,"hostname":"DESKTOP-G2R0246","level":"warn","url":"localhost:8080/favicon.ico","msg":"Ruta inexistente"}
{"level":40,"time":1668920584012,"pid":23116,"hostname":"DESKTOP-G2R0246","level":"warn","url":"localhost:8080/favicon.ico","msg":"Ruta inexistente"}
{"level":40,"time":1668920664265,"pid":26660,"hostname":"DESKTOP-G2R0246","level":"warn","url":"localhost:8080/favicon.ico","msg":"Ruta inexistente"}
{"level":40,"time":1668920717152,"pid":19608,"hostname":"DESKTOP-G2R0246","level":"warn","url":"localhost:8080/favicon.ico","msg":"Ruta inexistente"}
{"level":40,"time":1668920745370,"pid":9336,"hostname":"DESKTOP-G2R0246","level":"warn","url":"localhost:8080/favicon.ico","msg":"Ruta inexistente"}
{"level":40,"time":1668920781190,"pid":15460,"hostname":"DESKTOP-G2R0246","level":"warn","url":"localhost:8080/favicon.ico","msg":"Ruta inexistente"}
{"level":40,"time":1668920842343,"pid":27616,"hostname":"DESKTOP-G2R0246","level":"warn","url":"localhost:8080/favicon.ico","msg":"Ruta inexistente"}
{"level":40,"time":1668920872123,"pid":1464,"hostname":"DESKTOP-G2R0246","level":"warn","url":"localhost:8080/favicon.ico","msg":"Ruta inexistente"}
{"level":40,"time":1668921033248,"pid":28600,"hostname":"DESKTOP-G2R0246","level":"warn","url":"localhost:8080/favicon.ico","msg":"Ruta inexistente"}
{"level":40,"time":1668921085353,"pid":12992,"hostname":"DESKTOP-G2R0246","level":"warn","url":"localhost:8080/favicon.ico","msg":"Ruta inexistente"}
{"level":40,"time":1668921184660,"pid":19404,"hostname":"DESKTOP-G2R0246","level":"warn","url":"localhost:8080/favicon.ico","msg":"Ruta inexistente"}
{"level":40,"time":1668921318809,"pid":19404,"hostname":"DESKTOP-G2R0246","level":"warn","url":"localhost:8080/favicon.ico","msg":"Ruta inexistente"}
{"level":40,"time":1668921370537,"pid":26176,"hostname":"DESKTOP-G2R0246","level":"warn","url":"localhost:8080/favicon.ico","msg":"Ruta inexistente"}
{"level":40,"time":1668921400513,"pid":22320,"hostname":"DESKTOP-G2R0246","level":"warn","url":"localhost:8080/favicon.ico","msg":"Ruta inexistente"}
{"level":40,"time":1668921503905,"pid":22244,"hostname":"DESKTOP-G2R0246","level":"warn","url":"localhost:8080/favicon.ico","msg":"Ruta inexistente"}
{"level":40,"time":1668922063151,"pid":6088,"hostname":"DESKTOP-G2R0246","level":"warn","url":"localhost:8080/favicon.ico","msg":"Ruta inexistente"}
{"level":40,"time":1668922164541,"pid":5168,"hostname":"DESKTOP-G2R0246","level":"warn","url":"localhost:8080/favicon.ico","msg":"Ruta inexistente"}
{"level":40,"time":1668922264077,"pid":28900,"hostname":"DESKTOP-G2R0246","level":"warn","url":"localhost:8080/favicon.ico","msg":"Ruta inexistente"}
{"level":40,"time":1668922390071,"pid":17932,"hostname":"DESKTOP-G2R0246","level":"warn","url":"localhost:8080/favicon.ico","msg":"Ruta inexistente"}
{"level":40,"time":1668922421435,"pid":27488,"hostname":"DESKTOP-G2R0246","level":"warn","url":"localhost:8080/favicon.ico","msg":"Ruta inexistente"}
{"level":40,"time":1668922439441,"pid":18272,"hostname":"DESKTOP-G2R0246","level":"warn","url":"localhost:8080/favicon.ico","msg":"Ruta inexistente"}
{"level":40,"time":1668922585007,"pid":20196,"hostname":"DESKTOP-G2R0246","level":"warn","url":"localhost:8080/favicon.ico","msg":"Ruta inexistente"}
{"level":40,"time":1668928028924,"pid":17284,"hostname":"DESKTOP-G2R0246","level":"warn","url":"localhost:8080/favicon.ico","msg":"Ruta inexistente"}
{"level":40,"time":1668928066422,"pid":17284,"hostname":"DESKTOP-G2R0246","level":"warn","url":"localhost:8080/favicon.ico","msg":"Ruta inexistente"}
{"level":40,"time":1668929935050,"pid":8596,"hostname":"DESKTOP-G2R0246","level":"warn","url":"localhost:8080/favicon.ico","msg":"Ruta inexistente"}
{"level":40,"time":1668929963340,"pid":9708,"hostname":"DESKTOP-G2R0246","level":"warn","url":"localhost:8080/favicon.ico","msg":"Ruta inexistente"}
{"level":40,"time":1668930042287,"pid":28120,"hostname":"DESKTOP-G2R0246","level":"warn","url":"localhost:8080/favicon.ico","msg":"Ruta inexistente"}
{"level":40,"time":1668930065169,"pid":3220,"hostname":"DESKTOP-G2R0246","level":"warn","url":"localhost:8080/favicon.ico","msg":"Ruta inexistente"}
{"level":40,"time":1668930107192,"pid":19512,"hostname":"DESKTOP-G2R0246","level":"warn","url":"localhost:8080/favicon.ico","msg":"Ruta inexistente"}
{"level":40,"time":1668930140339,"pid":29544,"hostname":"DESKTOP-G2R0246","level":"warn","url":"localhost:8080/favicon.ico","msg":"Ruta inexistente"}
{"level":40,"time":1668930178483,"pid":18148,"hostname":"DESKTOP-G2R0246","level":"warn","url":"localhost:8080/favicon.ico","msg":"Ruta inexistente"}
{"level":40,"time":1668930289395,"pid":23632,"hostname":"DESKTOP-G2R0246","level":"warn","url":"localhost:8080/favicon.ico","msg":"Ruta inexistente"}
{"level":40,"time":1668930448021,"pid":27184,"hostname":"DESKTOP-G2R0246","level":"warn","url":"localhost:8080/favicon.ico","msg":"Ruta inexistente"}
{"level":40,"time":1668974550363,"pid":27184,"hostname":"DESKTOP-G2R0246","level":"warn","url":"localhost:8080/favicon.ico","msg":"Ruta inexistente"}
{"level":40,"time":1668982235782,"pid":2628,"hostname":"DESKTOP-G2R0246","level":"warn","url":"localhost:8080/favicon.ico","msg":"Ruta inexistente"}
{"level":40,"time":1668982263915,"pid":2628,"hostname":"DESKTOP-G2R0246","level":"warn","url":"localhost:8080/favicon.ico","msg":"Ruta inexistente"}
{"level":40,"time":1668982655540,"pid":22932,"hostname":"DESKTOP-G2R0246","level":"warn","url":"localhost:8080/favicon.ico","msg":"Ruta inexistente"}
{"level":40,"time":1668982675538,"pid":22932,"hostname":"DESKTOP-G2R0246","level":"warn","url":"localhost:8080/favicon.ico","msg":"Ruta inexistente"}
{"level":40,"time":1668982849677,"pid":9928,"hostname":"DESKTOP-G2R0246","level":"warn","url":"localhost:8080/favicon.ico","msg":"Ruta inexistente"}
{"level":40,"time":1668983785101,"pid":29444,"hostname":"DESKTOP-G2R0246","level":"warn","url":"localhost:8080/favicon.ico","msg":"Ruta inexistente"}
{"level":40,"time":1668983826468,"pid":22120,"hostname":"DESKTOP-G2R0246","level":"warn","url":"localhost:8080/favicon.ico","msg":"Ruta inexistente"}
{"level":40,"time":1668983837281,"pid":22120,"hostname":"DESKTOP-G2R0246","level":"warn","url":"localhost:8080/favicon.ico","msg":"Ruta inexistente"}
{"level":40,"time":1668983847943,"pid":22120,"hostname":"DESKTOP-G2R0246","level":"warn","url":"localhost:8080/favicon.ico","msg":"Ruta inexistente"}
{"level":40,"time":1668983855892,"pid":22120,"hostname":"DESKTOP-G2R0246","level":"warn","url":"localhost:8080/favicon.ico","msg":"Ruta inexistente"}
{"level":40,"time":1668983861915,"pid":22120,"hostname":"DESKTOP-G2R0246","level":"warn","url":"localhost:8080/favicon.ico","msg":"Ruta inexistente"}
{"level":40,"time":1668983878744,"pid":22120,"hostname":"DESKTOP-G2R0246","level":"warn","url":"localhost:8080/favicon.ico","msg":"Ruta inexistente"}
{"level":40,"time":1668983886818,"pid":22120,"hostname":"DESKTOP-G2R0246","level":"warn","url":"localhost:8080/favicon.ico","msg":"Ruta inexistente"}
{"level":40,"time":1669110468935,"pid":7904,"hostname":"DESKTOP-G2R0246","level":"warn","url":"localhost:8080/favicon.ico","msg":"Ruta inexistente"}
{"level":40,"time":1669110478938,"pid":7904,"hostname":"DESKTOP-G2R0246","level":"warn","url":"localhost:8080/favicon.ico","msg":"Ruta inexistente"}
{"level":40,"time":1669110953502,"pid":21824,"hostname":"DESKTOP-G2R0246","level":"warn","url":"localhost:8080/favicon.ico","msg":"Ruta inexistente"}
{"level":40,"time":1669124162257,"pid":20888,"hostname":"DESKTOP-G2R0246","level":"warn","url":"localhost:8080/favicon.ico","msg":"Ruta inexistente"}
{"level":40,"time":1669124789440,"pid":22548,"hostname":"DESKTOP-G2R0246","level":"warn","url":"localhost:8080/favicon.ico","msg":"Ruta inexistente"}
{"level":40,"time":1669124812524,"pid":22548,"hostname":"DESKTOP-G2R0246","level":"warn","url":"localhost:8080/favicon.ico","msg":"Ruta inexistente"}
{"level":40,"time":1669125606020,"pid":21300,"hostname":"DESKTOP-G2R0246","level":"warn","url":"localhost:8080/favicon.ico","msg":"Ruta inexistente"}
{"level":40,"time":1669651479111,"pid":1324,"hostname":"DESKTOP-G2R0246","level":"warn","url":"127.0.0.1:8080/favicon.ico","msg":"Ruta inexistente"}
{"level":40,"time":1669673282082,"pid":15912,"hostname":"DESKTOP-G2R0246","level":"warn","url":"localhost:8080/produc","msg":"Ruta inexistente"}
{"level":40,"time":1669673359506,"pid":15912,"hostname":"DESKTOP-G2R0246","level":"warn","url":"localhost:8080/produc","msg":"Ruta inexistente"}
{"level":40,"time":1669673399945,"pid":3300,"hostname":"DESKTOP-G2R0246","level":"warn","url":"localhost:8080/xfghfth","msg":"Ruta inexistente"}
{"level":40,"time":1669673434490,"pid":13780,"hostname":"DESKTOP-G2R0246","level":"warn","url":"localhost:8080/xfghfth","msg":"Ruta inexistente"}
{"level":40,"time":1669673464322,"pid":19836,"hostname":"DESKTOP-G2R0246","level":"warn","url":"localhost:8080/xfghfth","msg":"Ruta inexistente"}
{"level":40,"time":1669673713510,"pid":8764,"hostname":"DESKTOP-G2R0246","level":"warn","url":"localhost:8080/sdrg","msg":"Ruta inexistente"}
{"level":40,"time":1669673859241,"pid":864,"hostname":"DESKTOP-G2R0246","level":"warn","url":"localhost:8080/sdrg","msg":"Ruta inexistente"}
{"level":40,"time":1669674105381,"pid":13256,"hostname":"DESKTOP-G2R0246","level":"warn","url":"localhost:8080/sdth","msg":"Ruta inexistente"}
{"level":40,"time":1669674155093,"pid":17584,"hostname":"DESKTOP-G2R0246","level":"warn","url":"localhost:8080/sdth","msg":"Ruta inexistente"}
{"level":40,"time":1669873676532,"pid":10076,"hostname":"DESKTOP-G2R0246","level":"warn","url":"localhost:8080/favicon.ico","msg":"Ruta inexistente"}
{"level":40,"time":1669874603113,"pid":1564,"hostname":"DESKTOP-G2R0246","level":"warn","url":"localhost:8080/favicon.ico","msg":"Ruta inexistente"}
{"level":40,"time":1669876004301,"pid":2936,"hostname":"DESKTOP-G2R0246","level":"warn","url":"localhost:8080/favicon.ico","msg":"Ruta inexistente"}
{"level":40,"time":1669876009310,"pid":2936,"hostname":"DESKTOP-G2R0246","level":"warn","url":"localhost:8080/favicon.ico","msg":"Ruta inexistente"}
{"level":40,"time":1670004193097,"pid":21880,"hostname":"DESKTOP-G2R0246","level":"warn","url":"localhost:8080/favicon.ico","msg":"Ruta inexistente"}
{"level":40,"time":1670004804307,"pid":10944,"hostname":"DESKTOP-G2R0246","level":"warn","url":"localhost:8080/favicon.ico","msg":"Ruta inexistente"}
{"level":40,"time":1670004897195,"pid":25048,"hostname":"DESKTOP-G2R0246","level":"warn","url":"localhost:8080/favicon.ico","msg":"Ruta inexistente"}
{"level":40,"time":1670005111869,"pid":20100,"hostname":"DESKTOP-G2R0246","level":"warn","url":"localhost:8080/favicon.ico","msg":"Ruta inexistente"}
{"level":40,"time":1670005122865,"pid":20100,"hostname":"DESKTOP-G2R0246","level":"warn","url":"localhost:8080/favicon.ico","msg":"Ruta inexistente"}
{"level":40,"time":1670005455935,"pid":24980,"hostname":"DESKTOP-G2R0246","level":"warn","url":"localhost:8080/favicon.ico","msg":"Ruta inexistente"}
{"level":40,"time":1670006985373,"pid":10588,"hostname":"DESKTOP-G2R0246","level":"warn","url":"localhost:8080/favicon.ico","msg":"Ruta inexistente"}
{"level":40,"time":1670007044285,"pid":10588,"hostname":"DESKTOP-G2R0246","level":"warn","url":"localhost:8080/favicon.ico","msg":"Ruta inexistente"}
{"level":40,"time":1670007104219,"pid":10588,"hostname":"DESKTOP-G2R0246","level":"warn","url":"localhost:8080/favicon.ico","msg":"Ruta inexistente"}
{"level":40,"time":1670007105409,"pid":10588,"hostname":"DESKTOP-G2R0246","level":"warn","url":"localhost:8080/favicon.ico","msg":"Ruta inexistente"}
{"level":40,"time":1670015902809,"pid":11948,"hostname":"DESKTOP-G2R0246","level":"warn","url":"localhost:8080/favicon.ico","msg":"Ruta inexistente"}
{"level":40,"time":1670015956882,"pid":11948,"hostname":"DESKTOP-G2R0246","level":"warn","url":"localhost:8080/favicon.ico","msg":"Ruta inexistente"}
{"level":40,"time":1670016678871,"pid":19564,"hostname":"DESKTOP-G2R0246","level":"warn","url":"localhost:8080/favicon.ico","msg":"Ruta inexistente"}
{"level":40,"time":1670017066161,"pid":5980,"hostname":"DESKTOP-G2R0246","level":"warn","url":"localhost:8080/favicon.ico","msg":"Ruta inexistente"}
{"level":40,"time":1670017076392,"pid":5980,"hostname":"DESKTOP-G2R0246","level":"warn","url":"localhost:8080/favicon.ico","msg":"Ruta inexistente"}
{"level":40,"time":1670017077076,"pid":5980,"hostname":"DESKTOP-G2R0246","level":"warn","url":"localhost:8080/favicon.ico","msg":"Ruta inexistente"}
{"level":40,"time":1670017077462,"pid":5980,"hostname":"DESKTOP-G2R0246","level":"warn","url":"localhost:8080/favicon.ico","msg":"Ruta inexistente"}
{"level":40,"time":1670017077701,"pid":5980,"hostname":"DESKTOP-G2R0246","level":"warn","url":"localhost:8080/favicon.ico","msg":"Ruta inexistente"}
{"level":40,"time":1670017077896,"pid":5980,"hostname":"DESKTOP-G2R0246","level":"warn","url":"localhost:8080/favicon.ico","msg":"Ruta inexistente"}
{"level":40,"time":1670017307799,"pid":24908,"hostname":"DESKTOP-G2R0246","level":"warn","url":"localhost:8080/favicon.ico","msg":"Ruta inexistente"}
{"level":40,"time":1670017471230,"pid":9288,"hostname":"DESKTOP-G2R0246","level":"warn","url":"localhost:8080/favicon.ico","msg":"Ruta inexistente"}
{"level":40,"time":1670017472632,"pid":9288,"hostname":"DESKTOP-G2R0246","level":"warn","url":"localhost:8080/favicon.ico","msg":"Ruta inexistente"}
{"level":40,"time":1670017473065,"pid":9288,"hostname":"DESKTOP-G2R0246","level":"warn","url":"localhost:8080/favicon.ico","msg":"Ruta inexistente"}
{"level":40,"time":1670017595058,"pid":5156,"hostname":"DESKTOP-G2R0246","level":"warn","url":"localhost:8080/favicon.ico","msg":"Ruta inexistente"}
{"level":40,"time":1670018778633,"pid":24724,"hostname":"DESKTOP-G2R0246","level":"warn","url":"localhost:8080/favicon.ico","msg":"Ruta inexistente"}
{"level":40,"time":1670018823297,"pid":24612,"hostname":"DESKTOP-G2R0246","level":"warn","url":"localhost:8080/favicon.ico","msg":"Ruta inexistente"}
{"level":40,"time":1670019229983,"pid":23164,"hostname":"DESKTOP-G2R0246","level":"warn","url":"localhost:8080/favicon.ico","msg":"Ruta inexistente"}
{"level":40,"time":1670019454714,"pid":15676,"hostname":"DESKTOP-G2R0246","level":"warn","url":"localhost:8080/favicon.ico","msg":"Ruta inexistente"}
{"level":40,"time":1670019677829,"pid":11224,"hostname":"DESKTOP-G2R0246","level":"warn","url":"localhost:8080/favicon.ico","msg":"Ruta inexistente"}
{"level":40,"time":1670019821405,"pid":18496,"hostname":"DESKTOP-G2R0246","level":"warn","url":"localhost:8080/favicon.ico","msg":"Ruta inexistente"}
{"level":40,"time":1670022932578,"pid":13432,"hostname":"DESKTOP-G2R0246","level":"warn","url":"localhost:8080/favicon.ico","msg":"Ruta inexistente"}
{"level":40,"time":1670023030485,"pid":23092,"hostname":"DESKTOP-G2R0246","level":"warn","url":"localhost:8080/favicon.ico","msg":"Ruta inexistente"}
{"level":40,"time":1670023215272,"pid":2636,"hostname":"DESKTOP-G2R0246","level":"warn","url":"localhost:8080/favicon.ico","msg":"Ruta inexistente"}
{"level":40,"time":1670023450003,"pid":18792,"hostname":"DESKTOP-G2R0246","level":"warn","url":"localhost:8080/favicon.ico","msg":"Ruta inexistente"}
{"level":40,"time":1670023705571,"pid":24552,"hostname":"DESKTOP-G2R0246","level":"warn","url":"localhost:8080/favicon.ico","msg":"Ruta inexistente"}
{"level":40,"time":1670023706063,"pid":24552,"hostname":"DESKTOP-G2R0246","level":"warn","url":"localhost:8080/favicon.ico","msg":"Ruta inexistente"}
{"level":40,"time":1670023742980,"pid":18556,"hostname":"DESKTOP-G2R0246","level":"warn","url":"localhost:8080/favicon.ico","msg":"Ruta inexistente"}
{"level":40,"time":1670023748350,"pid":18556,"hostname":"DESKTOP-G2R0246","level":"warn","url":"localhost:8080/favicon.ico","msg":"Ruta inexistente"}
{"level":40,"time":1670023937659,"pid":23832,"hostname":"DESKTOP-G2R0246","level":"warn","url":"localhost:8080/favicon.ico","msg":"Ruta inexistente"}
{"level":40,"time":1670023976624,"pid":21076,"hostname":"DESKTOP-G2R0246","level":"warn","url":"localhost:8080/favicon.ico","msg":"Ruta inexistente"}
{"level":40,"time":1670507090007,"pid":14880,"hostname":"DESKTOP-G2R0246","level":"warn","url":"localhost:8080/favicon.ico","msg":"Ruta inexistente"}
{"level":40,"time":1670507097273,"pid":14880,"hostname":"DESKTOP-G2R0246","level":"warn","url":"localhost:8080/favicon.ico","msg":"Ruta inexistente"}
{"level":40,"time":1670507135871,"pid":23452,"hostname":"DESKTOP-G2R0246","level":"warn","url":"localhost:8080/favicon.ico","msg":"Ruta inexistente"}
{"level":40,"time":1670507174558,"pid":23452,"hostname":"DESKTOP-G2R0246","level":"warn","url":"localhost:8080/favicon.ico","msg":"Ruta inexistente"}
{"level":40,"time":1670507189790,"pid":23452,"hostname":"DESKTOP-G2R0246","level":"warn","url":"localhost:8080/favicon.ico","msg":"Ruta inexistente"}
{"level":40,"time":1670507191871,"pid":23452,"hostname":"DESKTOP-G2R0246","level":"warn","url":"localhost:8080/favicon.ico","msg":"Ruta inexistente"}
{"level":40,"time":1670516526308,"pid":23452,"hostname":"DESKTOP-G2R0246","level":"warn","url":"localhost:8080/favicon.ico","msg":"Ruta inexistente"}
{"level":40,"time":1670516554332,"pid":23452,"hostname":"DESKTOP-G2R0246","level":"warn","url":"localhost:8080/favicon.ico","msg":"Ruta inexistente"}
{"level":40,"time":1670516557048,"pid":23452,"hostname":"DESKTOP-G2R0246","level":"warn","url":"localhost:8080/favicon.ico","msg":"Ruta inexistente"}
{"level":40,"time":1670516557797,"pid":23452,"hostname":"DESKTOP-G2R0246","level":"warn","url":"localhost:8080/favicon.ico","msg":"Ruta inexistente"}
{"level":40,"time":1670516659809,"pid":26304,"hostname":"DESKTOP-G2R0246","level":"warn","url":"localhost:8080/favicon.ico","msg":"Ruta inexistente"}
{"level":40,"time":1670516664280,"pid":26304,"hostname":"DESKTOP-G2R0246","level":"warn","url":"localhost:8080/favicon.ico","msg":"Ruta inexistente"}
{"level":40,"time":1670516668679,"pid":26304,"hostname":"DESKTOP-G2R0246","level":"warn","url":"localhost:8080/favicon.ico","msg":"Ruta inexistente"}
{"level":40,"time":1670516670291,"pid":26304,"hostname":"DESKTOP-G2R0246","level":"warn","url":"localhost:8080/favicon.ico","msg":"Ruta inexistente"}
{"level":40,"time":1670516677263,"pid":26304,"hostname":"DESKTOP-G2R0246","level":"warn","url":"localhost:8080/favicon.ico","msg":"Ruta inexistente"}
{"level":40,"time":1670516677431,"pid":26304,"hostname":"DESKTOP-G2R0246","level":"warn","url":"localhost:8080/favicon.ico","msg":"Ruta inexistente"}
{"level":40,"time":1670516677634,"pid":26304,"hostname":"DESKTOP-G2R0246","level":"warn","url":"localhost:8080/favicon.ico","msg":"Ruta inexistente"}
{"level":40,"time":1670516681679,"pid":26304,"hostname":"DESKTOP-G2R0246","level":"warn","url":"localhost:8080/favicon.ico","msg":"Ruta inexistente"}
{"level":40,"time":1670516681850,"pid":26304,"hostname":"DESKTOP-G2R0246","level":"warn","url":"localhost:8080/favicon.ico","msg":"Ruta inexistente"}
{"level":40,"time":1670516681969,"pid":26304,"hostname":"DESKTOP-G2R0246","level":"warn","url":"localhost:8080/favicon.ico","msg":"Ruta inexistente"}
{"level":40,"time":1670516682299,"pid":26304,"hostname":"DESKTOP-G2R0246","level":"warn","url":"localhost:8080/favicon.ico","msg":"Ruta inexistente"}
{"level":40,"time":1670516714479,"pid":11300,"hostname":"DESKTOP-G2R0246","level":"warn","url":"localhost:8080/favicon.ico","msg":"Ruta inexistente"}
{"level":40,"time":1670516717689,"pid":11300,"hostname":"DESKTOP-G2R0246","level":"warn","url":"localhost:8080/favicon.ico","msg":"Ruta inexistente"}
{"level":40,"time":1670516831556,"pid":11300,"hostname":"DESKTOP-G2R0246","level":"warn","url":"localhost:8080/favicon.ico","msg":"Ruta inexistente"}
{"level":40,"time":1670516832124,"pid":11300,"hostname":"DESKTOP-G2R0246","level":"warn","url":"localhost:8080/favicon.ico","msg":"Ruta inexistente"}
{"level":40,"time":1670516833027,"pid":11300,"hostname":"DESKTOP-G2R0246","level":"warn","url":"localhost:8080/favicon.ico","msg":"Ruta inexistente"}
{"level":40,"time":1670516869251,"pid":23404,"hostname":"DESKTOP-G2R0246","level":"warn","url":"localhost:8080/favicon.ico","msg":"Ruta inexistente"}
{"level":40,"time":1670516907053,"pid":23404,"hostname":"DESKTOP-G2R0246","level":"warn","url":"localhost:8080/favicon.ico","msg":"Ruta inexistente"}
{"level":40,"time":1670516920792,"pid":23404,"hostname":"DESKTOP-G2R0246","level":"warn","url":"localhost:8080/favicon.ico","msg":"Ruta inexistente"}
{"level":40,"time":1670516925302,"pid":23404,"hostname":"DESKTOP-G2R0246","level":"warn","url":"localhost:8080/favicon.ico","msg":"Ruta inexistente"}
{"level":40,"time":1670516926236,"pid":23404,"hostname":"DESKTOP-G2R0246","level":"warn","url":"localhost:8080/favicon.ico","msg":"Ruta inexistente"}
{"level":40,"time":1670516929265,"pid":23404,"hostname":"DESKTOP-G2R0246","level":"warn","url":"localhost:8080/favicon.ico","msg":"Ruta inexistente"}
{"level":40,"time":1670516929611,"pid":23404,"hostname":"DESKTOP-G2R0246","level":"warn","url":"localhost:8080/favicon.ico","msg":"Ruta inexistente"}
{"level":40,"time":1670516929901,"pid":23404,"hostname":"DESKTOP-G2R0246","level":"warn","url":"localhost:8080/favicon.ico","msg":"Ruta inexistente"}
{"level":40,"time":1670516930603,"pid":23404,"hostname":"DESKTOP-G2R0246","level":"warn","url":"localhost:8080/favicon.ico","msg":"Ruta inexistente"}
{"level":40,"time":1670517012489,"pid":11964,"hostname":"DESKTOP-G2R0246","level":"warn","url":"localhost:8080/favicon.ico","msg":"Ruta inexistente"}
{"level":40,"time":1670517019606,"pid":11964,"hostname":"DESKTOP-G2R0246","level":"warn","url":"localhost:8080/favicon.ico","msg":"Ruta inexistente"}
{"level":40,"time":1670517019745,"pid":11964,"hostname":"DESKTOP-G2R0246","level":"warn","url":"localhost:8080/favicon.ico","msg":"Ruta inexistente"}
{"level":40,"time":1670517019911,"pid":11964,"hostname":"DESKTOP-G2R0246","level":"warn","url":"localhost:8080/favicon.ico","msg":"Ruta inexistente"}
{"level":40,"time":1670517020493,"pid":11964,"hostname":"DESKTOP-G2R0246","level":"warn","url":"localhost:8080/favicon.ico","msg":"Ruta inexistente"}
{"level":40,"time":1670517021960,"pid":11964,"hostname":"DESKTOP-G2R0246","level":"warn","url":"localhost:8080/favicon.ico","msg":"Ruta inexistente"}
{"level":40,"time":1670517029476,"pid":11964,"hostname":"DESKTOP-G2R0246","level":"warn","url":"localhost:8080/favicon.ico","msg":"Ruta inexistente"}
{"level":40,"time":1670517031449,"pid":11964,"hostname":"DESKTOP-G2R0246","level":"warn","url":"localhost:8080/favicon.ico","msg":"Ruta inexistente"}
{"level":40,"time":1670517032936,"pid":11964,"hostname":"DESKTOP-G2R0246","level":"warn","url":"localhost:8080/favicon.ico","msg":"Ruta inexistente"}
{"level":40,"time":1670517033096,"pid":11964,"hostname":"DESKTOP-G2R0246","level":"warn","url":"localhost:8080/favicon.ico","msg":"Ruta inexistente"}
{"level":40,"time":1670517033347,"pid":11964,"hostname":"DESKTOP-G2R0246","level":"warn","url":"localhost:8080/favicon.ico","msg":"Ruta inexistente"}
{"level":40,"time":1670517033694,"pid":11964,"hostname":"DESKTOP-G2R0246","level":"warn","url":"localhost:8080/favicon.ico","msg":"Ruta inexistente"}
{"level":40,"time":1670517034822,"pid":11964,"hostname":"DESKTOP-G2R0246","level":"warn","url":"localhost:8080/favicon.ico","msg":"Ruta inexistente"}
{"level":40,"time":1670517036396,"pid":11964,"hostname":"DESKTOP-G2R0246","level":"warn","url":"localhost:8080/favicon.ico","msg":"Ruta inexistente"}
{"level":40,"time":1670517036632,"pid":11964,"hostname":"DESKTOP-G2R0246","level":"warn","url":"localhost:8080/favicon.ico","msg":"Ruta inexistente"}
{"level":40,"time":1670517037192,"pid":11964,"hostname":"DESKTOP-G2R0246","level":"warn","url":"localhost:8080/favicon.ico","msg":"Ruta inexistente"}
{"level":40,"time":1670517038652,"pid":11964,"hostname":"DESKTOP-G2R0246","level":"warn","url":"localhost:8080/favicon.ico","msg":"Ruta inexistente"}
{"level":40,"time":1670517039417,"pid":11964,"hostname":"DESKTOP-G2R0246","level":"warn","url":"localhost:8080/favicon.ico","msg":"Ruta inexistente"}
{"level":40,"time":1670517040485,"pid":11964,"hostname":"DESKTOP-G2R0246","level":"warn","url":"localhost:8080/favicon.ico","msg":"Ruta inexistente"}
{"level":40,"time":1670518406134,"pid":26936,"hostname":"DESKTOP-G2R0246","level":"warn","url":"localhost:8080/favicon.ico","msg":"Ruta inexistente"}
{"level":40,"time":1670518409236,"pid":26936,"hostname":"DESKTOP-G2R0246","level":"warn","url":"localhost:8080/favicon.ico","msg":"Ruta inexistente"}
{"level":40,"time":1670518409501,"pid":26936,"hostname":"DESKTOP-G2R0246","level":"warn","url":"localhost:8080/favicon.ico","msg":"Ruta inexistente"}
{"level":40,"time":1670518409728,"pid":26936,"hostname":"DESKTOP-G2R0246","level":"warn","url":"localhost:8080/favicon.ico","msg":"Ruta inexistente"}
{"level":40,"time":1670518409911,"pid":26936,"hostname":"DESKTOP-G2R0246","level":"warn","url":"localhost:8080/favicon.ico","msg":"Ruta inexistente"}
{"level":40,"time":1670518410147,"pid":26936,"hostname":"DESKTOP-G2R0246","level":"warn","url":"localhost:8080/favicon.ico","msg":"Ruta inexistente"}
{"level":40,"time":1670518410726,"pid":26936,"hostname":"DESKTOP-G2R0246","level":"warn","url":"localhost:8080/favicon.ico","msg":"Ruta inexistente"}
{"level":40,"time":1670518417767,"pid":26936,"hostname":"DESKTOP-G2R0246","level":"warn","url":"localhost:8080/favicon.ico","msg":"Ruta inexistente"}
{"level":40,"time":1670518439435,"pid":26936,"hostname":"DESKTOP-G2R0246","level":"warn","url":"localhost:8080/favicon.ico","msg":"Ruta inexistente"}
{"level":40,"time":1670518454981,"pid":26936,"hostname":"DESKTOP-G2R0246","level":"warn","url":"localhost:8080/favicon.ico","msg":"Ruta inexistente"}
{"level":40,"time":1670518464107,"pid":26936,"hostname":"DESKTOP-G2R0246","level":"warn","url":"localhost:8080/favicon.ico","msg":"Ruta inexistente"}
{"level":40,"time":1670518464641,"pid":26936,"hostname":"DESKTOP-G2R0246","level":"warn","url":"localhost:8080/favicon.ico","msg":"Ruta inexistente"}
{"level":40,"time":1670518465572,"pid":26936,"hostname":"DESKTOP-G2R0246","level":"warn","url":"localhost:8080/favicon.ico","msg":"Ruta inexistente"}
{"level":40,"time":1670518475672,"pid":26936,"hostname":"DESKTOP-G2R0246","level":"warn","url":"localhost:8080/favicon.ico","msg":"Ruta inexistente"}
{"level":40,"time":1670518476310,"pid":26936,"hostname":"DESKTOP-G2R0246","level":"warn","url":"localhost:8080/favicon.ico","msg":"Ruta inexistente"}
{"level":40,"time":1670518477024,"pid":26936,"hostname":"DESKTOP-G2R0246","level":"warn","url":"localhost:8080/favicon.ico","msg":"Ruta inexistente"}
{"level":40,"time":1670518477469,"pid":26936,"hostname":"DESKTOP-G2R0246","level":"warn","url":"localhost:8080/favicon.ico","msg":"Ruta inexistente"}
{"level":40,"time":1670518478153,"pid":26936,"hostname":"DESKTOP-G2R0246","level":"warn","url":"localhost:8080/favicon.ico","msg":"Ruta inexistente"}
{"level":40,"time":1670518478817,"pid":26936,"hostname":"DESKTOP-G2R0246","level":"warn","url":"localhost:8080/favicon.ico","msg":"Ruta inexistente"}
{"level":40,"time":1670518482942,"pid":26936,"hostname":"DESKTOP-G2R0246","level":"warn","url":"localhost:8080/favicon.ico","msg":"Ruta inexistente"}
{"level":40,"time":1670518486346,"pid":26936,"hostname":"DESKTOP-G2R0246","level":"warn","url":"localhost:8080/favicon.ico","msg":"Ruta inexistente"}
{"level":40,"time":1670518487099,"pid":26936,"hostname":"DESKTOP-G2R0246","level":"warn","url":"localhost:8080/favicon.ico","msg":"Ruta inexistente"}
{"level":40,"time":1670518487225,"pid":26936,"hostname":"DESKTOP-G2R0246","level":"warn","url":"localhost:8080/favicon.ico","msg":"Ruta inexistente"}
{"level":40,"time":1670518491754,"pid":26936,"hostname":"DESKTOP-G2R0246","level":"warn","url":"localhost:8080/favicon.ico","msg":"Ruta inexistente"}
{"level":40,"time":1670518492340,"pid":26936,"hostname":"DESKTOP-G2R0246","level":"warn","url":"localhost:8080/favicon.ico","msg":"Ruta inexistente"}
{"level":40,"time":1670518494103,"pid":26936,"hostname":"DESKTOP-G2R0246","level":"warn","url":"localhost:8080/favicon.ico","msg":"Ruta inexistente"}
{"level":40,"time":1670518495559,"pid":26936,"hostname":"DESKTOP-G2R0246","level":"warn","url":"localhost:8080/favicon.ico","msg":"Ruta inexistente"}
{"level":40,"time":1670518525328,"pid":26936,"hostname":"DESKTOP-G2R0246","level":"warn","url":"localhost:8080/favicon.ico","msg":"Ruta inexistente"}
{"level":40,"time":1670518530176,"pid":26936,"hostname":"DESKTOP-G2R0246","level":"warn","url":"localhost:8080/favicon.ico","msg":"Ruta inexistente"}
{"level":40,"time":1670518530843,"pid":26936,"hostname":"DESKTOP-G2R0246","level":"warn","url":"localhost:8080/favicon.ico","msg":"Ruta inexistente"}
{"level":40,"time":1670518533923,"pid":26936,"hostname":"DESKTOP-G2R0246","level":"warn","url":"localhost:8080/favicon.ico","msg":"Ruta inexistente"}
{"level":40,"time":1670518535678,"pid":26936,"hostname":"DESKTOP-G2R0246","level":"warn","url":"localhost:8080/favicon.ico","msg":"Ruta inexistente"}
{"level":40,"time":1670518539019,"pid":26936,"hostname":"DESKTOP-G2R0246","level":"warn","url":"localhost:8080/favicon.ico","msg":"Ruta inexistente"}
{"level":40,"time":1670518544338,"pid":26936,"hostname":"DESKTOP-G2R0246","level":"warn","url":"localhost:8080/favicon.ico","msg":"Ruta inexistente"}
{"level":40,"time":1670518551061,"pid":26936,"hostname":"DESKTOP-G2R0246","level":"warn","url":"localhost:8080/favicon.ico","msg":"Ruta inexistente"}
{"level":40,"time":1670518553676,"pid":26936,"hostname":"DESKTOP-G2R0246","level":"warn","url":"localhost:8080/favicon.ico","msg":"Ruta inexistente"}
{"level":40,"time":1670518555848,"pid":26936,"hostname":"DESKTOP-G2R0246","level":"warn","url":"localhost:8080/favicon.ico","msg":"Ruta inexistente"}
{"level":40,"time":1670518556145,"pid":26936,"hostname":"DESKTOP-G2R0246","level":"warn","url":"localhost:8080/favicon.ico","msg":"Ruta inexistente"}
{"level":40,"time":1670518556288,"pid":26936,"hostname":"DESKTOP-G2R0246","level":"warn","url":"localhost:8080/favicon.ico","msg":"Ruta inexistente"}
{"level":40,"time":1670518556473,"pid":26936,"hostname":"DESKTOP-G2R0246","level":"warn","url":"localhost:8080/favicon.ico","msg":"Ruta inexistente"}
{"level":40,"time":1670518557760,"pid":26936,"hostname":"DESKTOP-G2R0246","level":"warn","url":"localhost:8080/favicon.ico","msg":"Ruta inexistente"}
{"level":40,"time":1670518558424,"pid":26936,"hostname":"DESKTOP-G2R0246","level":"warn","url":"localhost:8080/favicon.ico","msg":"Ruta inexistente"}
{"level":40,"time":1670518559740,"pid":26936,"hostname":"DESKTOP-G2R0246","level":"warn","url":"localhost:8080/favicon.ico","msg":"Ruta inexistente"}
{"level":40,"time":1670518560560,"pid":26936,"hostname":"DESKTOP-G2R0246","level":"warn","url":"localhost:8080/favicon.ico","msg":"Ruta inexistente"}
{"level":40,"time":1670518560672,"pid":26936,"hostname":"DESKTOP-G2R0246","level":"warn","url":"localhost:8080/favicon.ico","msg":"Ruta inexistente"}
{"level":40,"time":1670518590925,"pid":26936,"hostname":"DESKTOP-G2R0246","level":"warn","url":"localhost:8080/favicon.ico","msg":"Ruta inexistente"}
{"level":40,"time":1670518625409,"pid":26936,"hostname":"DESKTOP-G2R0246","level":"warn","url":"localhost:8080/favicon.ico","msg":"Ruta inexistente"}
{"level":40,"time":1670518625889,"pid":26936,"hostname":"DESKTOP-G2R0246","level":"warn","url":"localhost:8080/favicon.ico","msg":"Ruta inexistente"}
{"level":40,"time":1670518626051,"pid":26936,"hostname":"DESKTOP-G2R0246","level":"warn","url":"localhost:8080/favicon.ico","msg":"Ruta inexistente"}
{"level":40,"time":1670518626715,"pid":26936,"hostname":"DESKTOP-G2R0246","level":"warn","url":"localhost:8080/favicon.ico","msg":"Ruta inexistente"}
{"level":40,"time":1670518626855,"pid":26936,"hostname":"DESKTOP-G2R0246","level":"warn","url":"localhost:8080/favicon.ico","msg":"Ruta inexistente"}
{"level":40,"time":1670518626984,"pid":26936,"hostname":"DESKTOP-G2R0246","level":"warn","url":"localhost:8080/favicon.ico","msg":"Ruta inexistente"}
{"level":40,"time":1670518627372,"pid":26936,"hostname":"DESKTOP-G2R0246","level":"warn","url":"localhost:8080/favicon.ico","msg":"Ruta inexistente"}
{"level":40,"time":1670518628082,"pid":26936,"hostname":"DESKTOP-G2R0246","level":"warn","url":"localhost:8080/favicon.ico","msg":"Ruta inexistente"}
{"level":40,"time":1670518628554,"pid":26936,"hostname":"DESKTOP-G2R0246","level":"warn","url":"localhost:8080/favicon.ico","msg":"Ruta inexistente"}
{"level":40,"time":1670518629822,"pid":26936,"hostname":"DESKTOP-G2R0246","level":"warn","url":"localhost:8080/favicon.ico","msg":"Ruta inexistente"}
{"level":40,"time":1670518630816,"pid":26936,"hostname":"DESKTOP-G2R0246","level":"warn","url":"localhost:8080/favicon.ico","msg":"Ruta inexistente"}
{"level":40,"time":1670518631802,"pid":26936,"hostname":"DESKTOP-G2R0246","level":"warn","url":"localhost:8080/favicon.ico","msg":"Ruta inexistente"}
{"level":40,"time":1670518632003,"pid":26936,"hostname":"DESKTOP-G2R0246","level":"warn","url":"localhost:8080/favicon.ico","msg":"Ruta inexistente"}
{"level":40,"time":1670518635827,"pid":26936,"hostname":"DESKTOP-G2R0246","level":"warn","url":"localhost:8080/favicon.ico","msg":"Ruta inexistente"}
{"level":40,"time":1670518636086,"pid":26936,"hostname":"DESKTOP-G2R0246","level":"warn","url":"localhost:8080/favicon.ico","msg":"Ruta inexistente"}
{"level":40,"time":1670518637824,"pid":26936,"hostname":"DESKTOP-G2R0246","level":"warn","url":"localhost:8080/favicon.ico","msg":"Ruta inexistente"}
{"level":40,"time":1670518639133,"pid":26936,"hostname":"DESKTOP-G2R0246","level":"warn","url":"localhost:8080/favicon.ico","msg":"Ruta inexistente"}
{"level":40,"time":1670518641454,"pid":26936,"hostname":"DESKTOP-G2R0246","level":"warn","url":"localhost:8080/favicon.ico","msg":"Ruta inexistente"}
{"level":40,"time":1670518642026,"pid":26936,"hostname":"DESKTOP-G2R0246","level":"warn","url":"localhost:8080/favicon.ico","msg":"Ruta inexistente"}
{"level":40,"time":1670518642182,"pid":26936,"hostname":"DESKTOP-G2R0246","level":"warn","url":"localhost:8080/favicon.ico","msg":"Ruta inexistente"}
{"level":40,"time":1670518642424,"pid":26936,"hostname":"DESKTOP-G2R0246","level":"warn","url":"localhost:8080/favicon.ico","msg":"Ruta inexistente"}
{"level":40,"time":1670518643714,"pid":26936,"hostname":"DESKTOP-G2R0246","level":"warn","url":"localhost:8080/favicon.ico","msg":"Ruta inexistente"}
{"level":40,"time":1670518643974,"pid":26936,"hostname":"DESKTOP-G2R0246","level":"warn","url":"localhost:8080/favicon.ico","msg":"Ruta inexistente"}
{"level":40,"time":1670518644121,"pid":26936,"hostname":"DESKTOP-G2R0246","level":"warn","url":"localhost:8080/favicon.ico","msg":"Ruta inexistente"}
{"level":40,"time":1670518651643,"pid":26936,"hostname":"DESKTOP-G2R0246","level":"warn","url":"localhost:8080/favicon.ico","msg":"Ruta inexistente"}
{"level":40,"time":1670518652021,"pid":26936,"hostname":"DESKTOP-G2R0246","level":"warn","url":"localhost:8080/favicon.ico","msg":"Ruta inexistente"}
{"level":40,"time":1670518652153,"pid":26936,"hostname":"DESKTOP-G2R0246","level":"warn","url":"localhost:8080/favicon.ico","msg":"Ruta inexistente"}
{"level":40,"time":1670518675969,"pid":26936,"hostname":"DESKTOP-G2R0246","level":"warn","url":"localhost:8080/favicon.ico","msg":"Ruta inexistente"}
{"level":40,"time":1670518677885,"pid":26936,"hostname":"DESKTOP-G2R0246","level":"warn","url":"localhost:8080/favicon.ico","msg":"Ruta inexistente"}
{"level":40,"time":1670518678113,"pid":26936,"hostname":"DESKTOP-G2R0246","level":"warn","url":"localhost:8080/favicon.ico","msg":"Ruta inexistente"}
{"level":40,"time":1670518680652,"pid":26936,"hostname":"DESKTOP-G2R0246","level":"warn","url":"localhost:8080/favicon.ico","msg":"Ruta inexistente"}
{"level":40,"time":1670518681091,"pid":26936,"hostname":"DESKTOP-G2R0246","level":"warn","url":"localhost:8080/favicon.ico","msg":"Ruta inexistente"}
{"level":40,"time":1670518682638,"pid":26936,"hostname":"DESKTOP-G2R0246","level":"warn","url":"localhost:8080/favicon.ico","msg":"Ruta inexistente"}
{"level":40,"time":1670518683059,"pid":26936,"hostname":"DESKTOP-G2R0246","level":"warn","url":"localhost:8080/favicon.ico","msg":"Ruta inexistente"}
{"level":40,"time":1670518688620,"pid":26936,"hostname":"DESKTOP-G2R0246","level":"warn","url":"localhost:8080/favicon.ico","msg":"Ruta inexistente"}
{"level":40,"time":1670518691992,"pid":26936,"hostname":"DESKTOP-G2R0246","level":"warn","url":"localhost:8080/favicon.ico","msg":"Ruta inexistente"}
{"level":40,"time":1670518695966,"pid":26936,"hostname":"DESKTOP-G2R0246","level":"warn","url":"localhost:8080/favicon.ico","msg":"Ruta inexistente"}
{"level":40,"time":1670518696374,"pid":26936,"hostname":"DESKTOP-G2R0246","level":"warn","url":"localhost:8080/favicon.ico","msg":"Ruta inexistente"}
{"level":40,"time":1670518699625,"pid":26936,"hostname":"DESKTOP-G2R0246","level":"warn","url":"localhost:8080/favicon.ico","msg":"Ruta inexistente"}
{"level":40,"time":1670518699889,"pid":26936,"hostname":"DESKTOP-G2R0246","level":"warn","url":"localhost:8080/favicon.ico","msg":"Ruta inexistente"}
{"level":40,"time":1670518702994,"pid":26936,"hostname":"DESKTOP-G2R0246","level":"warn","url":"localhost:8080/favicon.ico","msg":"Ruta inexistente"}
{"level":40,"time":1670518706058,"pid":26936,"hostname":"DESKTOP-G2R0246","level":"warn","url":"localhost:8080/favicon.ico","msg":"Ruta inexistente"}
{"level":40,"time":1670518707290,"pid":26936,"hostname":"DESKTOP-G2R0246","level":"warn","url":"localhost:8080/favicon.ico","msg":"Ruta inexistente"}
{"level":40,"time":1670518711909,"pid":26936,"hostname":"DESKTOP-G2R0246","level":"warn","url":"localhost:8080/favicon.ico","msg":"Ruta inexistente"}
{"level":40,"time":1670518714373,"pid":26936,"hostname":"DESKTOP-G2R0246","level":"warn","url":"localhost:8080/favicon.ico","msg":"Ruta inexistente"}
{"level":40,"time":1670518746257,"pid":9484,"hostname":"DESKTOP-G2R0246","level":"warn","url":"localhost:8080/favicon.ico","msg":"Ruta inexistente"}
{"level":40,"time":1670518748656,"pid":9484,"hostname":"DESKTOP-G2R0246","level":"warn","url":"localhost:8080/favicon.ico","msg":"Ruta inexistente"}
{"level":40,"time":1670518750284,"pid":9484,"hostname":"DESKTOP-G2R0246","level":"warn","url":"localhost:8080/favicon.ico","msg":"Ruta inexistente"}
{"level":40,"time":1670518758043,"pid":9484,"hostname":"DESKTOP-G2R0246","level":"warn","url":"localhost:8080/favicon.ico","msg":"Ruta inexistente"}
{"level":40,"time":1670518760240,"pid":9484,"hostname":"DESKTOP-G2R0246","level":"warn","url":"localhost:8080/favicon.ico","msg":"Ruta inexistente"}
{"level":40,"time":1670518762840,"pid":9484,"hostname":"DESKTOP-G2R0246","level":"warn","url":"localhost:8080/favicon.ico","msg":"Ruta inexistente"}
{"level":40,"time":1670518764867,"pid":9484,"hostname":"DESKTOP-G2R0246","level":"warn","url":"localhost:8080/favicon.ico","msg":"Ruta inexistente"}
{"level":40,"time":1670518766860,"pid":9484,"hostname":"DESKTOP-G2R0246","level":"warn","url":"localhost:8080/favicon.ico","msg":"Ruta inexistente"}
{"level":40,"time":1670518769341,"pid":9484,"hostname":"DESKTOP-G2R0246","level":"warn","url":"localhost:8080/favicon.ico","msg":"Ruta inexistente"}
{"level":40,"time":1670518864002,"pid":15432,"hostname":"DESKTOP-G2R0246","level":"warn","url":"localhost:8080/favicon.ico","msg":"Ruta inexistente"}
{"level":40,"time":1670518864224,"pid":15432,"hostname":"DESKTOP-G2R0246","level":"warn","url":"localhost:8080/favicon.ico","msg":"Ruta inexistente"}
{"level":40,"time":1670518864519,"pid":15432,"hostname":"DESKTOP-G2R0246","level":"warn","url":"localhost:8080/favicon.ico","msg":"Ruta inexistente"}
{"level":40,"time":1670518864701,"pid":15432,"hostname":"DESKTOP-G2R0246","level":"warn","url":"localhost:8080/favicon.ico","msg":"Ruta inexistente"}
{"level":40,"time":1670518864951,"pid":15432,"hostname":"DESKTOP-G2R0246","level":"warn","url":"localhost:8080/favicon.ico","msg":"Ruta inexistente"}
{"level":40,"time":1670518865142,"pid":15432,"hostname":"DESKTOP-G2R0246","level":"warn","url":"localhost:8080/favicon.ico","msg":"Ruta inexistente"}
{"level":40,"time":1670518865384,"pid":15432,"hostname":"DESKTOP-G2R0246","level":"warn","url":"localhost:8080/favicon.ico","msg":"Ruta inexistente"}
{"level":40,"time":1670518865631,"pid":15432,"hostname":"DESKTOP-G2R0246","level":"warn","url":"localhost:8080/favicon.ico","msg":"Ruta inexistente"}
{"level":40,"time":1670518865854,"pid":15432,"hostname":"DESKTOP-G2R0246","level":"warn","url":"localhost:8080/favicon.ico","msg":"Ruta inexistente"}
{"level":40,"time":1670518866107,"pid":15432,"hostname":"DESKTOP-G2R0246","level":"warn","url":"localhost:8080/favicon.ico","msg":"Ruta inexistente"}
{"level":40,"time":1670518869576,"pid":15432,"hostname":"DESKTOP-G2R0246","level":"warn","url":"localhost:8080/favicon.ico","msg":"Ruta inexistente"}
{"level":40,"time":1670518885526,"pid":15432,"hostname":"DESKTOP-G2R0246","level":"warn","url":"localhost:8080/favicon.ico","msg":"Ruta inexistente"}
{"level":40,"time":1670518886397,"pid":15432,"hostname":"DESKTOP-G2R0246","level":"warn","url":"localhost:8080/favicon.ico","msg":"Ruta inexistente"}
{"level":40,"time":1670518888691,"pid":15432,"hostname":"DESKTOP-G2R0246","level":"warn","url":"localhost:8080/favicon.ico","msg":"Ruta inexistente"}
{"level":40,"time":1670518888842,"pid":15432,"hostname":"DESKTOP-G2R0246","level":"warn","url":"localhost:8080/favicon.ico","msg":"Ruta inexistente"}
{"level":40,"time":1670518889015,"pid":15432,"hostname":"DESKTOP-G2R0246","level":"warn","url":"localhost:8080/favicon.ico","msg":"Ruta inexistente"}
{"level":40,"time":1670518889174,"pid":15432,"hostname":"DESKTOP-G2R0246","level":"warn","url":"localhost:8080/favicon.ico","msg":"Ruta inexistente"}
{"level":40,"time":1670518908960,"pid":15432,"hostname":"DESKTOP-G2R0246","level":"warn","url":"localhost:8080/favicon.ico","msg":"Ruta inexistente"}
{"level":40,"time":1670519104367,"pid":27368,"hostname":"DESKTOP-G2R0246","level":"warn","url":"localhost:8080/favicon.ico","msg":"Ruta inexistente"}
{"level":40,"time":1670519104650,"pid":27368,"hostname":"DESKTOP-G2R0246","level":"warn","url":"localhost:8080/favicon.ico","msg":"Ruta inexistente"}
{"level":40,"time":1670519104759,"pid":27368,"hostname":"DESKTOP-G2R0246","level":"warn","url":"localhost:8080/favicon.ico","msg":"Ruta inexistente"}
{"level":40,"time":1670519105562,"pid":27368,"hostname":"DESKTOP-G2R0246","level":"warn","url":"localhost:8080/favicon.ico","msg":"Ruta inexistente"}
{"level":40,"time":1670519107971,"pid":27368,"hostname":"DESKTOP-G2R0246","level":"warn","url":"localhost:8080/favicon.ico","msg":"Ruta inexistente"}
{"level":40,"time":1670519108076,"pid":27368,"hostname":"DESKTOP-G2R0246","level":"warn","url":"localhost:8080/favicon.ico","msg":"Ruta inexistente"}
{"level":40,"time":1670519125508,"pid":27368,"hostname":"DESKTOP-G2R0246","level":"warn","url":"localhost:8080/favicon.ico","msg":"Ruta inexistente"}
{"level":40,"time":1670519125963,"pid":27368,"hostname":"DESKTOP-G2R0246","level":"warn","url":"localhost:8080/favicon.ico","msg":"Ruta inexistente"}
{"level":40,"time":1670519126148,"pid":27368,"hostname":"DESKTOP-G2R0246","level":"warn","url":"localhost:8080/favicon.ico","msg":"Ruta inexistente"}
{"level":40,"time":1670519126336,"pid":27368,"hostname":"DESKTOP-G2R0246","level":"warn","url":"localhost:8080/favicon.ico","msg":"Ruta inexistente"}
{"level":40,"time":1670519126506,"pid":27368,"hostname":"DESKTOP-G2R0246","level":"warn","url":"localhost:8080/favicon.ico","msg":"Ruta inexistente"}
{"level":40,"time":1670519126628,"pid":27368,"hostname":"DESKTOP-G2R0246","level":"warn","url":"localhost:8080/favicon.ico","msg":"Ruta inexistente"}
{"level":40,"time":1670519128555,"pid":27368,"hostname":"DESKTOP-G2R0246","level":"warn","url":"localhost:8080/favicon.ico","msg":"Ruta inexistente"}
{"level":40,"time":1670519128876,"pid":27368,"hostname":"DESKTOP-G2R0246","level":"warn","url":"localhost:8080/favicon.ico","msg":"Ruta inexistente"}
{"level":40,"time":1670519129367,"pid":27368,"hostname":"DESKTOP-G2R0246","level":"warn","url":"localhost:8080/favicon.ico","msg":"Ruta inexistente"}
{"level":40,"time":1670519129585,"pid":27368,"hostname":"DESKTOP-G2R0246","level":"warn","url":"localhost:8080/favicon.ico","msg":"Ruta inexistente"}
{"level":40,"time":1670519129854,"pid":27368,"hostname":"DESKTOP-G2R0246","level":"warn","url":"localhost:8080/favicon.ico","msg":"Ruta inexistente"}
{"level":40,"time":1670519129982,"pid":27368,"hostname":"DESKTOP-G2R0246","level":"warn","url":"localhost:8080/favicon.ico","msg":"Ruta inexistente"}
{"level":40,"time":1670519130150,"pid":27368,"hostname":"DESKTOP-G2R0246","level":"warn","url":"localhost:8080/favicon.ico","msg":"Ruta inexistente"}
{"level":40,"time":1670519130299,"pid":27368,"hostname":"DESKTOP-G2R0246","level":"warn","url":"localhost:8080/favicon.ico","msg":"Ruta inexistente"}
{"level":40,"time":1670519130537,"pid":27368,"hostname":"DESKTOP-G2R0246","level":"warn","url":"localhost:8080/favicon.ico","msg":"Ruta inexistente"}
{"level":40,"time":1670519130734,"pid":27368,"hostname":"DESKTOP-G2R0246","level":"warn","url":"localhost:8080/favicon.ico","msg":"Ruta inexistente"}
{"level":40,"time":1670519132458,"pid":27368,"hostname":"DESKTOP-G2R0246","level":"warn","url":"localhost:8080/favicon.ico","msg":"Ruta inexistente"}
{"level":40,"time":1670519132598,"pid":27368,"hostname":"DESKTOP-G2R0246","level":"warn","url":"localhost:8080/favicon.ico","msg":"Ruta inexistente"}
{"level":40,"time":1670519132727,"pid":27368,"hostname":"DESKTOP-G2R0246","level":"warn","url":"localhost:8080/favicon.ico","msg":"Ruta inexistente"}
{"level":40,"time":1670519132830,"pid":27368,"hostname":"DESKTOP-G2R0246","level":"warn","url":"localhost:8080/favicon.ico","msg":"Ruta inexistente"}
{"level":40,"time":1670519132979,"pid":27368,"hostname":"DESKTOP-G2R0246","level":"warn","url":"localhost:8080/favicon.ico","msg":"Ruta inexistente"}
{"level":40,"time":1670519133500,"pid":27368,"hostname":"DESKTOP-G2R0246","level":"warn","url":"localhost:8080/favicon.ico","msg":"Ruta inexistente"}
{"level":40,"time":1670519133613,"pid":27368,"hostname":"DESKTOP-G2R0246","level":"warn","url":"localhost:8080/favicon.ico","msg":"Ruta inexistente"}
{"level":40,"time":1670519134110,"pid":27368,"hostname":"DESKTOP-G2R0246","level":"warn","url":"localhost:8080/favicon.ico","msg":"Ruta inexistente"}
{"level":40,"time":1670519333498,"pid":19392,"hostname":"DESKTOP-G2R0246","level":"warn","url":"localhost:8080/favicon.ico","msg":"Ruta inexistente"}
{"level":40,"time":1670519333723,"pid":19392,"hostname":"DESKTOP-G2R0246","level":"warn","url":"localhost:8080/favicon.ico","msg":"Ruta inexistente"}
{"level":40,"time":1670519333876,"pid":19392,"hostname":"DESKTOP-G2R0246","level":"warn","url":"localhost:8080/favicon.ico","msg":"Ruta inexistente"}
{"level":40,"time":1670519334347,"pid":19392,"hostname":"DESKTOP-G2R0246","level":"warn","url":"localhost:8080/favicon.ico","msg":"Ruta inexistente"}
{"level":40,"time":1670519334562,"pid":19392,"hostname":"DESKTOP-G2R0246","level":"warn","url":"localhost:8080/favicon.ico","msg":"Ruta inexistente"}
{"level":40,"time":1670519481473,"pid":12464,"hostname":"DESKTOP-G2R0246","level":"warn","url":"localhost:8080/favicon.ico","msg":"Ruta inexistente"}
{"level":40,"time":1670519535356,"pid":24600,"hostname":"DESKTOP-G2R0246","level":"warn","url":"localhost:8080/favicon.ico","msg":"Ruta inexistente"}
{"level":40,"time":1670519540023,"pid":24600,"hostname":"DESKTOP-G2R0246","level":"warn","url":"localhost:8080/favicon.ico","msg":"Ruta inexistente"}
{"level":40,"time":1670519540180,"pid":24600,"hostname":"DESKTOP-G2R0246","level":"warn","url":"localhost:8080/favicon.ico","msg":"Ruta inexistente"}
{"level":40,"time":1670519540307,"pid":24600,"hostname":"DESKTOP-G2R0246","level":"warn","url":"localhost:8080/favicon.ico","msg":"Ruta inexistente"}
{"level":40,"time":1670519540497,"pid":24600,"hostname":"DESKTOP-G2R0246","level":"warn","url":"localhost:8080/favicon.ico","msg":"Ruta inexistente"}
{"level":40,"time":1670519540630,"pid":24600,"hostname":"DESKTOP-G2R0246","level":"warn","url":"localhost:8080/favicon.ico","msg":"Ruta inexistente"}
{"level":40,"time":1670519540754,"pid":24600,"hostname":"DESKTOP-G2R0246","level":"warn","url":"localhost:8080/favicon.ico","msg":"Ruta inexistente"}
{"level":40,"time":1670519541332,"pid":24600,"hostname":"DESKTOP-G2R0246","level":"warn","url":"localhost:8080/favicon.ico","msg":"Ruta inexistente"}
{"level":40,"time":1670519542240,"pid":24600,"hostname":"DESKTOP-G2R0246","level":"warn","url":"localhost:8080/favicon.ico","msg":"Ruta inexistente"}
{"level":40,"time":1670519553050,"pid":24600,"hostname":"DESKTOP-G2R0246","level":"warn","url":"localhost:8080/favicon.ico","msg":"Ruta inexistente"}
{"level":40,"time":1670519554354,"pid":24600,"hostname":"DESKTOP-G2R0246","level":"warn","url":"localhost:8080/favicon.ico","msg":"Ruta inexistente"}
{"level":40,"time":1670519568185,"pid":24600,"hostname":"DESKTOP-G2R0246","level":"warn","url":"localhost:8080/favicon.ico","msg":"Ruta inexistente"}
{"level":40,"time":1670519603798,"pid":24600,"hostname":"DESKTOP-G2R0246","level":"warn","url":"localhost:8080/favicon.ico","msg":"Ruta inexistente"}
{"level":40,"time":1670519604992,"pid":24600,"hostname":"DESKTOP-G2R0246","level":"warn","url":"localhost:8080/favicon.ico","msg":"Ruta inexistente"}
{"level":40,"time":1670519605514,"pid":24600,"hostname":"DESKTOP-G2R0246","level":"warn","url":"localhost:8080/favicon.ico","msg":"Ruta inexistente"}
{"level":40,"time":1670519605720,"pid":24600,"hostname":"DESKTOP-G2R0246","level":"warn","url":"localhost:8080/favicon.ico","msg":"Ruta inexistente"}
{"level":40,"time":1670519605882,"pid":24600,"hostname":"DESKTOP-G2R0246","level":"warn","url":"localhost:8080/favicon.ico","msg":"Ruta inexistente"}
{"level":40,"time":1670519606028,"pid":24600,"hostname":"DESKTOP-G2R0246","level":"warn","url":"localhost:8080/favicon.ico","msg":"Ruta inexistente"}
{"level":40,"time":1670519606404,"pid":24600,"hostname":"DESKTOP-G2R0246","level":"warn","url":"localhost:8080/favicon.ico","msg":"Ruta inexistente"}
{"level":40,"time":1670519607547,"pid":24600,"hostname":"DESKTOP-G2R0246","level":"warn","url":"localhost:8080/favicon.ico","msg":"Ruta inexistente"}
{"level":40,"time":1670519607887,"pid":24600,"hostname":"DESKTOP-G2R0246","level":"warn","url":"localhost:8080/favicon.ico","msg":"Ruta inexistente"}
{"level":40,"time":1670519608090,"pid":24600,"hostname":"DESKTOP-G2R0246","level":"warn","url":"localhost:8080/favicon.ico","msg":"Ruta inexistente"}
{"level":40,"time":1670519608732,"pid":24600,"hostname":"DESKTOP-G2R0246","level":"warn","url":"localhost:8080/favicon.ico","msg":"Ruta inexistente"}
{"level":40,"time":1670519608869,"pid":24600,"hostname":"DESKTOP-G2R0246","level":"warn","url":"localhost:8080/favicon.ico","msg":"Ruta inexistente"}
{"level":40,"time":1670519610697,"pid":24600,"hostname":"DESKTOP-G2R0246","level":"warn","url":"localhost:8080/favicon.ico","msg":"Ruta inexistente"}
{"level":40,"time":1670519613121,"pid":24600,"hostname":"DESKTOP-G2R0246","level":"warn","url":"localhost:8080/favicon.ico","msg":"Ruta inexistente"}
{"level":40,"time":1670519621763,"pid":24600,"hostname":"DESKTOP-G2R0246","level":"warn","url":"localhost:8080/favicon.ico","msg":"Ruta inexistente"}
{"level":40,"time":1670519626331,"pid":24600,"hostname":"DESKTOP-G2R0246","level":"warn","url":"localhost:8080/favicon.ico","msg":"Ruta inexistente"}
{"level":40,"time":1670519637714,"pid":24600,"hostname":"DESKTOP-G2R0246","level":"warn","url":"localhost:8080/favicon.ico","msg":"Ruta inexistente"}
{"level":40,"time":1670519661054,"pid":24600,"hostname":"DESKTOP-G2R0246","level":"warn","url":"localhost:8080/favicon.ico","msg":"Ruta inexistente"}
{"level":40,"time":1670519666646,"pid":24600,"hostname":"DESKTOP-G2R0246","level":"warn","url":"localhost:8080/favicon.ico","msg":"Ruta inexistente"}
{"level":40,"time":1670519671183,"pid":24600,"hostname":"DESKTOP-G2R0246","level":"warn","url":"localhost:8080/favicon.ico","msg":"Ruta inexistente"}
{"level":40,"time":1670519676301,"pid":24600,"hostname":"DESKTOP-G2R0246","level":"warn","url":"localhost:8080/favicon.ico","msg":"Ruta inexistente"}
{"level":40,"time":1670519676677,"pid":24600,"hostname":"DESKTOP-G2R0246","level":"warn","url":"localhost:8080/favicon.ico","msg":"Ruta inexistente"}
{"level":40,"time":1670519680899,"pid":24600,"hostname":"DESKTOP-G2R0246","level":"warn","url":"localhost:8080/favicon.ico","msg":"Ruta inexistente"}
{"level":40,"time":1670519681434,"pid":24600,"hostname":"DESKTOP-G2R0246","level":"warn","url":"localhost:8080/favicon.ico","msg":"Ruta inexistente"}
{"level":40,"time":1670519681656,"pid":24600,"hostname":"DESKTOP-G2R0246","level":"warn","url":"localhost:8080/favicon.ico","msg":"Ruta inexistente"}
{"level":40,"time":1670519681822,"pid":24600,"hostname":"DESKTOP-G2R0246","level":"warn","url":"localhost:8080/favicon.ico","msg":"Ruta inexistente"}
{"level":40,"time":1670519681988,"pid":24600,"hostname":"DESKTOP-G2R0246","level":"warn","url":"localhost:8080/favicon.ico","msg":"Ruta inexistente"}
{"level":40,"time":1670519682575,"pid":24600,"hostname":"DESKTOP-G2R0246","level":"warn","url":"localhost:8080/favicon.ico","msg":"Ruta inexistente"}
{"level":40,"time":1670519683317,"pid":24600,"hostname":"DESKTOP-G2R0246","level":"warn","url":"localhost:8080/favicon.ico","msg":"Ruta inexistente"}
{"level":40,"time":1670519683807,"pid":24600,"hostname":"DESKTOP-G2R0246","level":"warn","url":"localhost:8080/favicon.ico","msg":"Ruta inexistente"}
{"level":40,"time":1670519683952,"pid":24600,"hostname":"DESKTOP-G2R0246","level":"warn","url":"localhost:8080/favicon.ico","msg":"Ruta inexistente"}
{"level":40,"time":1670519685025,"pid":24600,"hostname":"DESKTOP-G2R0246","level":"warn","url":"localhost:8080/favicon.ico","msg":"Ruta inexistente"}
{"level":40,"time":1670519685367,"pid":24600,"hostname":"DESKTOP-G2R0246","level":"warn","url":"localhost:8080/favicon.ico","msg":"Ruta inexistente"}
{"level":40,"time":1670519686424,"pid":24600,"hostname":"DESKTOP-G2R0246","level":"warn","url":"localhost:8080/favicon.ico","msg":"Ruta inexistente"}
{"level":40,"time":1670519687186,"pid":24600,"hostname":"DESKTOP-G2R0246","level":"warn","url":"localhost:8080/favicon.ico","msg":"Ruta inexistente"}
{"level":40,"time":1670519688248,"pid":24600,"hostname":"DESKTOP-G2R0246","level":"warn","url":"localhost:8080/favicon.ico","msg":"Ruta inexistente"}
{"level":40,"time":1670519691726,"pid":24600,"hostname":"DESKTOP-G2R0246","level":"warn","url":"localhost:8080/favicon.ico","msg":"Ruta inexistente"}
{"level":40,"time":1670519695090,"pid":24600,"hostname":"DESKTOP-G2R0246","level":"warn","url":"localhost:8080/favicon.ico","msg":"Ruta inexistente"}
{"level":40,"time":1670519704667,"pid":24600,"hostname":"DESKTOP-G2R0246","level":"warn","url":"localhost:8080/favicon.ico","msg":"Ruta inexistente"}
{"level":40,"time":1670519707416,"pid":24600,"hostname":"DESKTOP-G2R0246","level":"warn","url":"localhost:8080/favicon.ico","msg":"Ruta inexistente"}
{"level":40,"time":1670519717351,"pid":24600,"hostname":"DESKTOP-G2R0246","level":"warn","url":"localhost:8080/favicon.ico","msg":"Ruta inexistente"}
{"level":40,"time":1670519717670,"pid":24600,"hostname":"DESKTOP-G2R0246","level":"warn","url":"localhost:8080/favicon.ico","msg":"Ruta inexistente"}
{"level":40,"time":1670519717988,"pid":24600,"hostname":"DESKTOP-G2R0246","level":"warn","url":"localhost:8080/favicon.ico","msg":"Ruta inexistente"}
{"level":40,"time":1670519720823,"pid":24600,"hostname":"DESKTOP-G2R0246","level":"warn","url":"localhost:8080/favicon.ico","msg":"Ruta inexistente"}
{"level":40,"time":1670519721064,"pid":24600,"hostname":"DESKTOP-G2R0246","level":"warn","url":"localhost:8080/favicon.ico","msg":"Ruta inexistente"}
{"level":40,"time":1670519721283,"pid":24600,"hostname":"DESKTOP-G2R0246","level":"warn","url":"localhost:8080/favicon.ico","msg":"Ruta inexistente"}
{"level":40,"time":1670519721715,"pid":24600,"hostname":"DESKTOP-G2R0246","level":"warn","url":"localhost:8080/favicon.ico","msg":"Ruta inexistente"}
{"level":40,"time":1670519721953,"pid":24600,"hostname":"DESKTOP-G2R0246","level":"warn","url":"localhost:8080/favicon.ico","msg":"Ruta inexistente"}
{"level":40,"time":1670519723186,"pid":24600,"hostname":"DESKTOP-G2R0246","level":"warn","url":"localhost:8080/favicon.ico","msg":"Ruta inexistente"}
{"level":40,"time":1670519727536,"pid":24600,"hostname":"DESKTOP-G2R0246","level":"warn","url":"localhost:8080/favicon.ico","msg":"Ruta inexistente"}
{"level":40,"time":1670519731223,"pid":24600,"hostname":"DESKTOP-G2R0246","level":"warn","url":"localhost:8080/favicon.ico","msg":"Ruta inexistente"}
{"level":40,"time":1670519732782,"pid":24600,"hostname":"DESKTOP-G2R0246","level":"warn","url":"localhost:8080/favicon.ico","msg":"Ruta inexistente"}
{"level":40,"time":1670519748334,"pid":24600,"hostname":"DESKTOP-G2R0246","level":"warn","url":"localhost:8080/favicon.ico","msg":"Ruta inexistente"}
{"level":40,"time":1670519750189,"pid":24600,"hostname":"DESKTOP-G2R0246","level":"warn","url":"localhost:8080/favicon.ico","msg":"Ruta inexistente"}
{"level":40,"time":1670519750591,"pid":24600,"hostname":"DESKTOP-G2R0246","level":"warn","url":"localhost:8080/favicon.ico","msg":"Ruta inexistente"}
{"level":40,"time":1670519751790,"pid":24600,"hostname":"DESKTOP-G2R0246","level":"warn","url":"localhost:8080/favicon.ico","msg":"Ruta inexistente"}
{"level":40,"time":1670519753572,"pid":24600,"hostname":"DESKTOP-G2R0246","level":"warn","url":"localhost:8080/favicon.ico","msg":"Ruta inexistente"}
{"level":40,"time":1670519753990,"pid":24600,"hostname":"DESKTOP-G2R0246","level":"warn","url":"localhost:8080/favicon.ico","msg":"Ruta inexistente"}
{"level":40,"time":1670519769629,"pid":24600,"hostname":"DESKTOP-G2R0246","level":"warn","url":"localhost:8080/favicon.ico","msg":"Ruta inexistente"}
{"level":40,"time":1670520232542,"pid":12220,"hostname":"DESKTOP-G2R0246","level":"warn","url":"localhost:8080/favicon.ico","msg":"Ruta inexistente"}
{"level":40,"time":1670526199637,"pid":26268,"hostname":"DESKTOP-G2R0246","level":"warn","url":"localhost:8080/favicon.ico","msg":"Ruta inexistente"}
{"level":40,"time":1670526215363,"pid":26268,"hostname":"DESKTOP-G2R0246","level":"warn","url":"localhost:8080/favicon.ico","msg":"Ruta inexistente"}
{"level":40,"time":1670526216840,"pid":26268,"hostname":"DESKTOP-G2R0246","level":"warn","url":"localhost:8080/favicon.ico","msg":"Ruta inexistente"}
{"level":40,"time":1670526226492,"pid":26268,"hostname":"DESKTOP-G2R0246","level":"warn","url":"localhost:8080/favicon.ico","msg":"Ruta inexistente"}
{"level":40,"time":1670526227722,"pid":26268,"hostname":"DESKTOP-G2R0246","level":"warn","url":"localhost:8080/favicon.ico","msg":"Ruta inexistente"}
{"level":40,"time":1670526229932,"pid":26268,"hostname":"DESKTOP-G2R0246","level":"warn","url":"localhost:8080/favicon.ico","msg":"Ruta inexistente"}
{"level":40,"time":1670526230725,"pid":26268,"hostname":"DESKTOP-G2R0246","level":"warn","url":"localhost:8080/favicon.ico","msg":"Ruta inexistente"}
{"level":40,"time":1670526231582,"pid":26268,"hostname":"DESKTOP-G2R0246","level":"warn","url":"localhost:8080/favicon.ico","msg":"Ruta inexistente"}
{"level":40,"time":1670526234062,"pid":26268,"hostname":"DESKTOP-G2R0246","level":"warn","url":"localhost:8080/favicon.ico","msg":"Ruta inexistente"}
{"level":40,"time":1670526234327,"pid":26268,"hostname":"DESKTOP-G2R0246","level":"warn","url":"localhost:8080/favicon.ico","msg":"Ruta inexistente"}
{"level":40,"time":1670526235636,"pid":26268,"hostname":"DESKTOP-G2R0246","level":"warn","url":"localhost:8080/favicon.ico","msg":"Ruta inexistente"}
{"level":40,"time":1670526235763,"pid":26268,"hostname":"DESKTOP-G2R0246","level":"warn","url":"localhost:8080/favicon.ico","msg":"Ruta inexistente"}
{"level":40,"time":1670526235896,"pid":26268,"hostname":"DESKTOP-G2R0246","level":"warn","url":"localhost:8080/favicon.ico","msg":"Ruta inexistente"}
{"level":40,"time":1670526236025,"pid":26268,"hostname":"DESKTOP-G2R0246","level":"warn","url":"localhost:8080/favicon.ico","msg":"Ruta inexistente"}
{"level":40,"time":1670526266097,"pid":26268,"hostname":"DESKTOP-G2R0246","level":"warn","url":"localhost:8080/favicon.ico","msg":"Ruta inexistente"}
{"level":40,"time":1670526408080,"pid":26200,"hostname":"DESKTOP-G2R0246","level":"warn","url":"localhost:8080/favicon.ico","msg":"Ruta inexistente"}
{"level":40,"time":1670526409133,"pid":26200,"hostname":"DESKTOP-G2R0246","level":"warn","url":"localhost:8080/favicon.ico","msg":"Ruta inexistente"}
{"level":40,"time":1670526411872,"pid":26200,"hostname":"DESKTOP-G2R0246","level":"warn","url":"localhost:8080/favicon.ico","msg":"Ruta inexistente"}
{"level":40,"time":1670526414791,"pid":26200,"hostname":"DESKTOP-G2R0246","level":"warn","url":"localhost:8080/favicon.ico","msg":"Ruta inexistente"}
{"level":40,"time":1670526415658,"pid":26200,"hostname":"DESKTOP-G2R0246","level":"warn","url":"localhost:8080/favicon.ico","msg":"Ruta inexistente"}
{"level":40,"time":1670526418772,"pid":26200,"hostname":"DESKTOP-G2R0246","level":"warn","url":"localhost:8080/favicon.ico","msg":"Ruta inexistente"}
{"level":40,"time":1670526420956,"pid":26200,"hostname":"DESKTOP-G2R0246","level":"warn","url":"localhost:8080/favicon.ico","msg":"Ruta inexistente"}
{"level":40,"time":1670526422658,"pid":26200,"hostname":"DESKTOP-G2R0246","level":"warn","url":"localhost:8080/favicon.ico","msg":"Ruta inexistente"}
{"level":40,"time":1670526422813,"pid":26200,"hostname":"DESKTOP-G2R0246","level":"warn","url":"localhost:8080/favicon.ico","msg":"Ruta inexistente"}
{"level":40,"time":1670526450361,"pid":26200,"hostname":"DESKTOP-G2R0246","level":"warn","url":"localhost:8080/favicon.ico","msg":"Ruta inexistente"}
{"level":40,"time":1670526471303,"pid":26200,"hostname":"DESKTOP-G2R0246","level":"warn","url":"localhost:8080/favicon.ico","msg":"Ruta inexistente"}
{"level":40,"time":1670526565314,"pid":21888,"hostname":"DESKTOP-G2R0246","level":"warn","url":"localhost:8080/favicon.ico","msg":"Ruta inexistente"}
{"level":40,"time":1670526565330,"pid":21888,"hostname":"DESKTOP-G2R0246","level":"warn","url":"localhost:8080/favicon.ico","msg":"Ruta inexistente"}
{"level":40,"time":1670526565343,"pid":21888,"hostname":"DESKTOP-G2R0246","level":"warn","url":"localhost:8080/favicon.ico","msg":"Ruta inexistente"}
{"level":40,"time":1670526565354,"pid":21888,"hostname":"DESKTOP-G2R0246","level":"warn","url":"localhost:8080/favicon.ico","msg":"Ruta inexistente"}
{"level":40,"time":1670526565377,"pid":21888,"hostname":"DESKTOP-G2R0246","level":"warn","url":"localhost:8080/favicon.ico","msg":"Ruta inexistente"}
{"level":40,"time":1670526565558,"pid":21888,"hostname":"DESKTOP-G2R0246","level":"warn","url":"localhost:8080/favicon.ico","msg":"Ruta inexistente"}
{"level":40,"time":1670526568850,"pid":21888,"hostname":"DESKTOP-G2R0246","level":"warn","url":"localhost:8080/favicon.ico","msg":"Ruta inexistente"}
{"level":40,"time":1670526583963,"pid":21888,"hostname":"DESKTOP-G2R0246","level":"warn","url":"localhost:8080/favicon.ico","msg":"Ruta inexistente"}
{"level":40,"time":1670526628112,"pid":21888,"hostname":"DESKTOP-G2R0246","level":"warn","url":"localhost:8080/favicon.ico","msg":"Ruta inexistente"}
{"level":40,"time":1670526636322,"pid":21888,"hostname":"DESKTOP-G2R0246","level":"warn","url":"localhost:8080/favicon.ico","msg":"Ruta inexistente"}
{"level":40,"time":1670526644858,"pid":21888,"hostname":"DESKTOP-G2R0246","level":"warn","url":"localhost:8080/favicon.ico","msg":"Ruta inexistente"}
{"level":40,"time":1670526654846,"pid":21888,"hostname":"DESKTOP-G2R0246","level":"warn","url":"localhost:8080/favicon.ico","msg":"Ruta inexistente"}
{"level":40,"time":1670526663898,"pid":21888,"hostname":"DESKTOP-G2R0246","level":"warn","url":"localhost:8080/favicon.ico","msg":"Ruta inexistente"}
{"level":40,"time":1670526673683,"pid":21888,"hostname":"DESKTOP-G2R0246","level":"warn","url":"localhost:8080/favicon.ico","msg":"Ruta inexistente"}
{"level":40,"time":1670526682396,"pid":21888,"hostname":"DESKTOP-G2R0246","level":"warn","url":"localhost:8080/favicon.ico","msg":"Ruta inexistente"}
{"level":40,"time":1670526694754,"pid":21888,"hostname":"DESKTOP-G2R0246","level":"warn","url":"localhost:8080/favicon.ico","msg":"Ruta inexistente"}
{"level":40,"time":1670526716628,"pid":21888,"hostname":"DESKTOP-G2R0246","level":"warn","url":"localhost:8080/favicon.ico","msg":"Ruta inexistente"}
{"level":40,"time":1670526724302,"pid":21888,"hostname":"DESKTOP-G2R0246","level":"warn","url":"localhost:8080/favicon.ico","msg":"Ruta inexistente"}
{"level":40,"time":1670526733940,"pid":21888,"hostname":"DESKTOP-G2R0246","level":"warn","url":"localhost:8080/favicon.ico","msg":"Ruta inexistente"}
{"level":40,"time":1670526748680,"pid":21888,"hostname":"DESKTOP-G2R0246","level":"warn","url":"localhost:8080/favicon.ico","msg":"Ruta inexistente"}
{"level":40,"time":1670526756871,"pid":21888,"hostname":"DESKTOP-G2R0246","level":"warn","url":"localhost:8080/favicon.ico","msg":"Ruta inexistente"}
{"level":40,"time":1670526765488,"pid":21888,"hostname":"DESKTOP-G2R0246","level":"warn","url":"localhost:8080/favicon.ico","msg":"Ruta inexistente"}
{"level":40,"time":1670526774093,"pid":21888,"hostname":"DESKTOP-G2R0246","level":"warn","url":"localhost:8080/favicon.ico","msg":"Ruta inexistente"}
{"level":40,"time":1670526931255,"pid":12120,"hostname":"DESKTOP-G2R0246","level":"warn","url":"localhost:8080/favicon.ico","msg":"Ruta inexistente"}
{"level":40,"time":1670526931762,"pid":12120,"hostname":"DESKTOP-G2R0246","level":"warn","url":"localhost:8080/favicon.ico","msg":"Ruta inexistente"}
{"level":40,"time":1670526934033,"pid":12120,"hostname":"DESKTOP-G2R0246","level":"warn","url":"localhost:8080/favicon.ico","msg":"Ruta inexistente"}
{"level":40,"time":1670526936995,"pid":12120,"hostname":"DESKTOP-G2R0246","level":"warn","url":"localhost:8080/favicon.ico","msg":"Ruta inexistente"}
{"level":40,"time":1670526938477,"pid":12120,"hostname":"DESKTOP-G2R0246","level":"warn","url":"localhost:8080/favicon.ico","msg":"Ruta inexistente"}
{"level":40,"time":1670526939404,"pid":12120,"hostname":"DESKTOP-G2R0246","level":"warn","url":"localhost:8080/favicon.ico","msg":"Ruta inexistente"}
{"level":40,"time":1670526940574,"pid":12120,"hostname":"DESKTOP-G2R0246","level":"warn","url":"localhost:8080/favicon.ico","msg":"Ruta inexistente"}
{"level":40,"time":1670526940765,"pid":12120,"hostname":"DESKTOP-G2R0246","level":"warn","url":"localhost:8080/favicon.ico","msg":"Ruta inexistente"}
{"level":40,"time":1670526941063,"pid":12120,"hostname":"DESKTOP-G2R0246","level":"warn","url":"localhost:8080/favicon.ico","msg":"Ruta inexistente"}
{"level":40,"time":1670526941883,"pid":12120,"hostname":"DESKTOP-G2R0246","level":"warn","url":"localhost:8080/favicon.ico","msg":"Ruta inexistente"}
{"level":40,"time":1670526942212,"pid":12120,"hostname":"DESKTOP-G2R0246","level":"warn","url":"localhost:8080/favicon.ico","msg":"Ruta inexistente"}
{"level":40,"time":1670526949145,"pid":12120,"hostname":"DESKTOP-G2R0246","level":"warn","url":"localhost:8080/favicon.ico","msg":"Ruta inexistente"}
{"level":40,"time":1670526950115,"pid":12120,"hostname":"DESKTOP-G2R0246","level":"warn","url":"localhost:8080/favicon.ico","msg":"Ruta inexistente"}
{"level":40,"time":1670526952853,"pid":12120,"hostname":"DESKTOP-G2R0246","level":"warn","url":"localhost:8080/favicon.ico","msg":"Ruta inexistente"}
{"level":40,"time":1670526953080,"pid":12120,"hostname":"DESKTOP-G2R0246","level":"warn","url":"localhost:8080/favicon.ico","msg":"Ruta inexistente"}
{"level":40,"time":1670526953883,"pid":12120,"hostname":"DESKTOP-G2R0246","level":"warn","url":"localhost:8080/favicon.ico","msg":"Ruta inexistente"}
{"level":40,"time":1670526954202,"pid":12120,"hostname":"DESKTOP-G2R0246","level":"warn","url":"localhost:8080/favicon.ico","msg":"Ruta inexistente"}
{"level":40,"time":1670526954880,"pid":12120,"hostname":"DESKTOP-G2R0246","level":"warn","url":"localhost:8080/favicon.ico","msg":"Ruta inexistente"}
{"level":40,"time":1670526955145,"pid":12120,"hostname":"DESKTOP-G2R0246","level":"warn","url":"localhost:8080/favicon.ico","msg":"Ruta inexistente"}
{"level":40,"time":1670526955735,"pid":12120,"hostname":"DESKTOP-G2R0246","level":"warn","url":"localhost:8080/favicon.ico","msg":"Ruta inexistente"}
{"level":40,"time":1670526955941,"pid":12120,"hostname":"DESKTOP-G2R0246","level":"warn","url":"localhost:8080/favicon.ico","msg":"Ruta inexistente"}
{"level":40,"time":1670526957703,"pid":12120,"hostname":"DESKTOP-G2R0246","level":"warn","url":"localhost:8080/favicon.ico","msg":"Ruta inexistente"}
{"level":40,"time":1670526957925,"pid":12120,"hostname":"DESKTOP-G2R0246","level":"warn","url":"localhost:8080/favicon.ico","msg":"Ruta inexistente"}
{"level":40,"time":1670526961050,"pid":12120,"hostname":"DESKTOP-G2R0246","level":"warn","url":"localhost:8080/favicon.ico","msg":"Ruta inexistente"}
{"level":40,"time":1670526961296,"pid":12120,"hostname":"DESKTOP-G2R0246","level":"warn","url":"localhost:8080/favicon.ico","msg":"Ruta inexistente"}
{"level":40,"time":1670526962023,"pid":12120,"hostname":"DESKTOP-G2R0246","level":"warn","url":"localhost:8080/favicon.ico","msg":"Ruta inexistente"}
{"level":40,"time":1670526962687,"pid":12120,"hostname":"DESKTOP-G2R0246","level":"warn","url":"localhost:8080/favicon.ico","msg":"Ruta inexistente"}
{"level":40,"time":1670526966670,"pid":12120,"hostname":"DESKTOP-G2R0246","level":"warn","url":"localhost:8080/favicon.ico","msg":"Ruta inexistente"}
{"level":40,"time":1670526966869,"pid":12120,"hostname":"DESKTOP-G2R0246","level":"warn","url":"localhost:8080/favicon.ico","msg":"Ruta inexistente"}
{"level":40,"time":1670526967091,"pid":12120,"hostname":"DESKTOP-G2R0246","level":"warn","url":"localhost:8080/favicon.ico","msg":"Ruta inexistente"}
{"level":40,"time":1670526967301,"pid":12120,"hostname":"DESKTOP-G2R0246","level":"warn","url":"localhost:8080/favicon.ico","msg":"Ruta inexistente"}
{"level":40,"time":1670526967489,"pid":12120,"hostname":"DESKTOP-G2R0246","level":"warn","url":"localhost:8080/favicon.ico","msg":"Ruta inexistente"}
{"level":40,"time":1670526967644,"pid":12120,"hostname":"DESKTOP-G2R0246","level":"warn","url":"localhost:8080/favicon.ico","msg":"Ruta inexistente"}
{"level":40,"time":1670526967880,"pid":12120,"hostname":"DESKTOP-G2R0246","level":"warn","url":"localhost:8080/favicon.ico","msg":"Ruta inexistente"}
{"level":40,"time":1670526968815,"pid":12120,"hostname":"DESKTOP-G2R0246","level":"warn","url":"localhost:8080/favicon.ico","msg":"Ruta inexistente"}
{"level":40,"time":1670526969063,"pid":12120,"hostname":"DESKTOP-G2R0246","level":"warn","url":"localhost:8080/favicon.ico","msg":"Ruta inexistente"}
{"level":40,"time":1670526970271,"pid":12120,"hostname":"DESKTOP-G2R0246","level":"warn","url":"localhost:8080/favicon.ico","msg":"Ruta inexistente"}
{"level":40,"time":1670526970668,"pid":12120,"hostname":"DESKTOP-G2R0246","level":"warn","url":"localhost:8080/favicon.ico","msg":"Ruta inexistente"}
{"level":40,"time":1670526973408,"pid":12120,"hostname":"DESKTOP-G2R0246","level":"warn","url":"localhost:8080/favicon.ico","msg":"Ruta inexistente"}
{"level":40,"time":1670526975040,"pid":12120,"hostname":"DESKTOP-G2R0246","level":"warn","url":"localhost:8080/favicon.ico","msg":"Ruta inexistente"}
{"level":40,"time":1670526977904,"pid":12120,"hostname":"DESKTOP-G2R0246","level":"warn","url":"localhost:8080/favicon.ico","msg":"Ruta inexistente"}
{"level":40,"time":1670526978374,"pid":12120,"hostname":"DESKTOP-G2R0246","level":"warn","url":"localhost:8080/favicon.ico","msg":"Ruta inexistente"}
{"level":40,"time":1670526981438,"pid":12120,"hostname":"DESKTOP-G2R0246","level":"warn","url":"localhost:8080/favicon.ico","msg":"Ruta inexistente"}
{"level":40,"time":1670526981876,"pid":12120,"hostname":"DESKTOP-G2R0246","level":"warn","url":"localhost:8080/favicon.ico","msg":"Ruta inexistente"}
{"level":40,"time":1670526985428,"pid":12120,"hostname":"DESKTOP-G2R0246","level":"warn","url":"localhost:8080/favicon.ico","msg":"Ruta inexistente"}
{"level":40,"time":1670526991970,"pid":12120,"hostname":"DESKTOP-G2R0246","level":"warn","url":"localhost:8080/favicon.ico","msg":"Ruta inexistente"}
{"level":40,"time":1670526992453,"pid":12120,"hostname":"DESKTOP-G2R0246","level":"warn","url":"localhost:8080/favicon.ico","msg":"Ruta inexistente"}
{"level":40,"time":1670526995564,"pid":12120,"hostname":"DESKTOP-G2R0246","level":"warn","url":"localhost:8080/favicon.ico","msg":"Ruta inexistente"}
{"level":40,"time":1670526995987,"pid":12120,"hostname":"DESKTOP-G2R0246","level":"warn","url":"localhost:8080/favicon.ico","msg":"Ruta inexistente"}
{"level":40,"time":1670527002404,"pid":12120,"hostname":"DESKTOP-G2R0246","level":"warn","url":"localhost:8080/favicon.ico","msg":"Ruta inexistente"}
{"level":40,"time":1670527003942,"pid":12120,"hostname":"DESKTOP-G2R0246","level":"warn","url":"localhost:8080/favicon.ico","msg":"Ruta inexistente"}
{"level":40,"time":1670527005847,"pid":12120,"hostname":"DESKTOP-G2R0246","level":"warn","url":"localhost:8080/favicon.ico","msg":"Ruta inexistente"}
{"level":40,"time":1670527006111,"pid":12120,"hostname":"DESKTOP-G2R0246","level":"warn","url":"localhost:8080/favicon.ico","msg":"Ruta inexistente"}
{"level":40,"time":1670527006300,"pid":12120,"hostname":"DESKTOP-G2R0246","level":"warn","url":"localhost:8080/favicon.ico","msg":"Ruta inexistente"}
{"level":40,"time":1670527006439,"pid":12120,"hostname":"DESKTOP-G2R0246","level":"warn","url":"localhost:8080/favicon.ico","msg":"Ruta inexistente"}
{"level":40,"time":1670527006631,"pid":12120,"hostname":"DESKTOP-G2R0246","level":"warn","url":"localhost:8080/favicon.ico","msg":"Ruta inexistente"}
{"level":40,"time":1670527006804,"pid":12120,"hostname":"DESKTOP-G2R0246","level":"warn","url":"localhost:8080/favicon.ico","msg":"Ruta inexistente"}
{"level":40,"time":1670527104903,"pid":22328,"hostname":"DESKTOP-G2R0246","level":"warn","url":"localhost:8080/favicon.ico","msg":"Ruta inexistente"}
{"level":40,"time":1670527107830,"pid":22328,"hostname":"DESKTOP-G2R0246","level":"warn","url":"localhost:8080/favicon.ico","msg":"Ruta inexistente"}
{"level":40,"time":1670527113049,"pid":22328,"hostname":"DESKTOP-G2R0246","level":"warn","url":"localhost:8080/favicon.ico","msg":"Ruta inexistente"}
{"level":40,"time":1670527113207,"pid":22328,"hostname":"DESKTOP-G2R0246","level":"warn","url":"localhost:8080/favicon.ico","msg":"Ruta inexistente"}
{"level":40,"time":1670527113511,"pid":22328,"hostname":"DESKTOP-G2R0246","level":"warn","url":"localhost:8080/favicon.ico","msg":"Ruta inexistente"}
{"level":40,"time":1670527114324,"pid":22328,"hostname":"DESKTOP-G2R0246","level":"warn","url":"localhost:8080/favicon.ico","msg":"Ruta inexistente"}
{"level":40,"time":1670527114551,"pid":22328,"hostname":"DESKTOP-G2R0246","level":"warn","url":"localhost:8080/favicon.ico","msg":"Ruta inexistente"}
{"level":40,"time":1670527118632,"pid":22328,"hostname":"DESKTOP-G2R0246","level":"warn","url":"localhost:8080/favicon.ico","msg":"Ruta inexistente"}
{"level":40,"time":1670527118943,"pid":22328,"hostname":"DESKTOP-G2R0246","level":"warn","url":"localhost:8080/favicon.ico","msg":"Ruta inexistente"}
{"level":40,"time":1670527119164,"pid":22328,"hostname":"DESKTOP-G2R0246","level":"warn","url":"localhost:8080/favicon.ico","msg":"Ruta inexistente"}
{"level":40,"time":1670527119319,"pid":22328,"hostname":"DESKTOP-G2R0246","level":"warn","url":"localhost:8080/favicon.ico","msg":"Ruta inexistente"}
{"level":40,"time":1670527119566,"pid":22328,"hostname":"DESKTOP-G2R0246","level":"warn","url":"localhost:8080/favicon.ico","msg":"Ruta inexistente"}
{"level":40,"time":1670527119784,"pid":22328,"hostname":"DESKTOP-G2R0246","level":"warn","url":"localhost:8080/favicon.ico","msg":"Ruta inexistente"}
{"level":40,"time":1670527120623,"pid":22328,"hostname":"DESKTOP-G2R0246","level":"warn","url":"localhost:8080/favicon.ico","msg":"Ruta inexistente"}
{"level":40,"time":1670527120822,"pid":22328,"hostname":"DESKTOP-G2R0246","level":"warn","url":"localhost:8080/favicon.ico","msg":"Ruta inexistente"}
{"level":40,"time":1670527121053,"pid":22328,"hostname":"DESKTOP-G2R0246","level":"warn","url":"localhost:8080/favicon.ico","msg":"Ruta inexistente"}
{"level":40,"time":1670527121787,"pid":22328,"hostname":"DESKTOP-G2R0246","level":"warn","url":"localhost:8080/favicon.ico","msg":"Ruta inexistente"}
{"level":40,"time":1670527122219,"pid":22328,"hostname":"DESKTOP-G2R0246","level":"warn","url":"localhost:8080/favicon.ico","msg":"Ruta inexistente"}
{"level":40,"time":1670527122443,"pid":22328,"hostname":"DESKTOP-G2R0246","level":"warn","url":"localhost:8080/favicon.ico","msg":"Ruta inexistente"}
{"level":40,"time":1670527122559,"pid":22328,"hostname":"DESKTOP-G2R0246","level":"warn","url":"localhost:8080/favicon.ico","msg":"Ruta inexistente"}
{"level":40,"time":1670527122776,"pid":22328,"hostname":"DESKTOP-G2R0246","level":"warn","url":"localhost:8080/favicon.ico","msg":"Ruta inexistente"}
{"level":40,"time":1670527123091,"pid":22328,"hostname":"DESKTOP-G2R0246","level":"warn","url":"localhost:8080/favicon.ico","msg":"Ruta inexistente"}
{"level":40,"time":1670527123870,"pid":22328,"hostname":"DESKTOP-G2R0246","level":"warn","url":"localhost:8080/favicon.ico","msg":"Ruta inexistente"}
{"level":40,"time":1670527124046,"pid":22328,"hostname":"DESKTOP-G2R0246","level":"warn","url":"localhost:8080/favicon.ico","msg":"Ruta inexistente"}
{"level":40,"time":1670527124244,"pid":22328,"hostname":"DESKTOP-G2R0246","level":"warn","url":"localhost:8080/favicon.ico","msg":"Ruta inexistente"}
{"level":40,"time":1670527125194,"pid":22328,"hostname":"DESKTOP-G2R0246","level":"warn","url":"localhost:8080/favicon.ico","msg":"Ruta inexistente"}
{"level":40,"time":1670527128541,"pid":22328,"hostname":"DESKTOP-G2R0246","level":"warn","url":"localhost:8080/favicon.ico","msg":"Ruta inexistente"}
{"level":40,"time":1670527129208,"pid":22328,"hostname":"DESKTOP-G2R0246","level":"warn","url":"localhost:8080/favicon.ico","msg":"Ruta inexistente"}
{"level":40,"time":1670527129734,"pid":22328,"hostname":"DESKTOP-G2R0246","level":"warn","url":"localhost:8080/favicon.ico","msg":"Ruta inexistente"}
{"level":40,"time":1670527129856,"pid":22328,"hostname":"DESKTOP-G2R0246","level":"warn","url":"localhost:8080/favicon.ico","msg":"Ruta inexistente"}
{"level":40,"time":1670527134507,"pid":22328,"hostname":"DESKTOP-G2R0246","level":"warn","url":"localhost:8080/favicon.ico","msg":"Ruta inexistente"}
{"level":40,"time":1670527134668,"pid":22328,"hostname":"DESKTOP-G2R0246","level":"warn","url":"localhost:8080/favicon.ico","msg":"Ruta inexistente"}
{"level":40,"time":1670527135642,"pid":22328,"hostname":"DESKTOP-G2R0246","level":"warn","url":"localhost:8080/favicon.ico","msg":"Ruta inexistente"}
{"level":40,"time":1670527135941,"pid":22328,"hostname":"DESKTOP-G2R0246","level":"warn","url":"localhost:8080/favicon.ico","msg":"Ruta inexistente"}
{"level":40,"time":1670527136093,"pid":22328,"hostname":"DESKTOP-G2R0246","level":"warn","url":"localhost:8080/favicon.ico","msg":"Ruta inexistente"}
{"level":40,"time":1670527136464,"pid":22328,"hostname":"DESKTOP-G2R0246","level":"warn","url":"localhost:8080/favicon.ico","msg":"Ruta inexistente"}
{"level":40,"time":1670527136653,"pid":22328,"hostname":"DESKTOP-G2R0246","level":"warn","url":"localhost:8080/favicon.ico","msg":"Ruta inexistente"}
{"level":40,"time":1670527136838,"pid":22328,"hostname":"DESKTOP-G2R0246","level":"warn","url":"localhost:8080/favicon.ico","msg":"Ruta inexistente"}
{"level":40,"time":1670527136997,"pid":22328,"hostname":"DESKTOP-G2R0246","level":"warn","url":"localhost:8080/favicon.ico","msg":"Ruta inexistente"}
{"level":40,"time":1670527137821,"pid":22328,"hostname":"DESKTOP-G2R0246","level":"warn","url":"localhost:8080/favicon.ico","msg":"Ruta inexistente"}
{"level":40,"time":1670527137950,"pid":22328,"hostname":"DESKTOP-G2R0246","level":"warn","url":"localhost:8080/favicon.ico","msg":"Ruta inexistente"}
{"level":40,"time":1670527138283,"pid":22328,"hostname":"DESKTOP-G2R0246","level":"warn","url":"localhost:8080/favicon.ico","msg":"Ruta inexistente"}
{"level":40,"time":1670527138416,"pid":22328,"hostname":"DESKTOP-G2R0246","level":"warn","url":"localhost:8080/favicon.ico","msg":"Ruta inexistente"}
{"level":40,"time":1670527138548,"pid":22328,"hostname":"DESKTOP-G2R0246","level":"warn","url":"localhost:8080/favicon.ico","msg":"Ruta inexistente"}
{"level":40,"time":1670527138669,"pid":22328,"hostname":"DESKTOP-G2R0246","level":"warn","url":"localhost:8080/favicon.ico","msg":"Ruta inexistente"}
{"level":40,"time":1670527138960,"pid":22328,"hostname":"DESKTOP-G2R0246","level":"warn","url":"localhost:8080/favicon.ico","msg":"Ruta inexistente"}
{"level":40,"time":1670527139135,"pid":22328,"hostname":"DESKTOP-G2R0246","level":"warn","url":"localhost:8080/favicon.ico","msg":"Ruta inexistente"}
{"level":40,"time":1670527140471,"pid":22328,"hostname":"DESKTOP-G2R0246","level":"warn","url":"localhost:8080/favicon.ico","msg":"Ruta inexistente"}
{"level":40,"time":1670527143236,"pid":22328,"hostname":"DESKTOP-G2R0246","level":"warn","url":"localhost:8080/favicon.ico","msg":"Ruta inexistente"}
{"level":40,"time":1670527143569,"pid":22328,"hostname":"DESKTOP-G2R0246","level":"warn","url":"localhost:8080/favicon.ico","msg":"Ruta inexistente"}
{"level":40,"time":1670527146360,"pid":22328,"hostname":"DESKTOP-G2R0246","level":"warn","url":"localhost:8080/favicon.ico","msg":"Ruta inexistente"}
{"level":40,"time":1670527146610,"pid":22328,"hostname":"DESKTOP-G2R0246","level":"warn","url":"localhost:8080/favicon.ico","msg":"Ruta inexistente"}
{"level":40,"time":1670527146912,"pid":22328,"hostname":"DESKTOP-G2R0246","level":"warn","url":"localhost:8080/favicon.ico","msg":"Ruta inexistente"}
{"level":40,"time":1670527147143,"pid":22328,"hostname":"DESKTOP-G2R0246","level":"warn","url":"localhost:8080/favicon.ico","msg":"Ruta inexistente"}
{"level":40,"time":1670527411179,"pid":26028,"hostname":"DESKTOP-G2R0246","level":"warn","url":"localhost:8080/favicon.ico","msg":"Ruta inexistente"}
{"level":40,"time":1670527411348,"pid":26028,"hostname":"DESKTOP-G2R0246","level":"warn","url":"localhost:8080/favicon.ico","msg":"Ruta inexistente"}
{"level":40,"time":1670527413830,"pid":26028,"hostname":"DESKTOP-G2R0246","level":"warn","url":"localhost:8080/favicon.ico","msg":"Ruta inexistente"}
{"level":40,"time":1670527414039,"pid":26028,"hostname":"DESKTOP-G2R0246","level":"warn","url":"localhost:8080/favicon.ico","msg":"Ruta inexistente"}
{"level":40,"time":1670527414615,"pid":26028,"hostname":"DESKTOP-G2R0246","level":"warn","url":"localhost:8080/favicon.ico","msg":"Ruta inexistente"}
{"level":40,"time":1670527415525,"pid":26028,"hostname":"DESKTOP-G2R0246","level":"warn","url":"localhost:8080/favicon.ico","msg":"Ruta inexistente"}
{"level":40,"time":1670527415807,"pid":26028,"hostname":"DESKTOP-G2R0246","level":"warn","url":"localhost:8080/favicon.ico","msg":"Ruta inexistente"}
{"level":40,"time":1670527417428,"pid":26028,"hostname":"DESKTOP-G2R0246","level":"warn","url":"localhost:8080/favicon.ico","msg":"Ruta inexistente"}
{"level":40,"time":1670527419352,"pid":26028,"hostname":"DESKTOP-G2R0246","level":"warn","url":"localhost:8080/favicon.ico","msg":"Ruta inexistente"}
{"level":40,"time":1670527420687,"pid":26028,"hostname":"DESKTOP-G2R0246","level":"warn","url":"localhost:8080/favicon.ico","msg":"Ruta inexistente"}
{"level":40,"time":1670527423190,"pid":26028,"hostname":"DESKTOP-G2R0246","level":"warn","url":"localhost:8080/favicon.ico","msg":"Ruta inexistente"}
{"level":40,"time":1670527424392,"pid":26028,"hostname":"DESKTOP-G2R0246","level":"warn","url":"localhost:8080/favicon.ico","msg":"Ruta inexistente"}
{"level":40,"time":1670527425853,"pid":26028,"hostname":"DESKTOP-G2R0246","level":"warn","url":"localhost:8080/favicon.ico","msg":"Ruta inexistente"}
{"level":40,"time":1670527426992,"pid":26028,"hostname":"DESKTOP-G2R0246","level":"warn","url":"localhost:8080/favicon.ico","msg":"Ruta inexistente"}
{"level":40,"time":1670527428503,"pid":26028,"hostname":"DESKTOP-G2R0246","level":"warn","url":"localhost:8080/favicon.ico","msg":"Ruta inexistente"}
{"level":40,"time":1670527429189,"pid":26028,"hostname":"DESKTOP-G2R0246","level":"warn","url":"localhost:8080/favicon.ico","msg":"Ruta inexistente"}
{"level":40,"time":1670527429331,"pid":26028,"hostname":"DESKTOP-G2R0246","level":"warn","url":"localhost:8080/favicon.ico","msg":"Ruta inexistente"}
{"level":40,"time":1670527429861,"pid":26028,"hostname":"DESKTOP-G2R0246","level":"warn","url":"localhost:8080/favicon.ico","msg":"Ruta inexistente"}
{"level":40,"time":1670527435577,"pid":26028,"hostname":"DESKTOP-G2R0246","level":"warn","url":"localhost:8080/favicon.ico","msg":"Ruta inexistente"}
{"level":40,"time":1670527450451,"pid":26028,"hostname":"DESKTOP-G2R0246","level":"warn","url":"localhost:8080/favicon.ico","msg":"Ruta inexistente"}
{"level":40,"time":1670527450744,"pid":26028,"hostname":"DESKTOP-G2R0246","level":"warn","url":"localhost:8080/favicon.ico","msg":"Ruta inexistente"}
{"level":40,"time":1670527450954,"pid":26028,"hostname":"DESKTOP-G2R0246","level":"warn","url":"localhost:8080/favicon.ico","msg":"Ruta inexistente"}
{"level":40,"time":1670527451193,"pid":26028,"hostname":"DESKTOP-G2R0246","level":"warn","url":"localhost:8080/favicon.ico","msg":"Ruta inexistente"}
{"level":40,"time":1670527451308,"pid":26028,"hostname":"DESKTOP-G2R0246","level":"warn","url":"localhost:8080/favicon.ico","msg":"Ruta inexistente"}
{"level":40,"time":1670527451757,"pid":26028,"hostname":"DESKTOP-G2R0246","level":"warn","url":"localhost:8080/favicon.ico","msg":"Ruta inexistente"}
{"level":40,"time":1670527452508,"pid":26028,"hostname":"DESKTOP-G2R0246","level":"warn","url":"localhost:8080/favicon.ico","msg":"Ruta inexistente"}
{"level":40,"time":1670527463174,"pid":26028,"hostname":"DESKTOP-G2R0246","level":"warn","url":"localhost:8080/favicon.ico","msg":"Ruta inexistente"}
{"level":40,"time":1670527525896,"pid":26028,"hostname":"DESKTOP-G2R0246","level":"warn","url":"localhost:8080/favicon.ico","msg":"Ruta inexistente"}
